VDWCONT 2.1711 2.18 -0.0088 1AXC.cif A H ARG 146 A H ARG 149
VDWCONT 2.1711 2.18 -0.0088 1AXC.cif A H ARG 149 A H ARG 146
VDWCONT 2.1723 2.18 -0.0076 1AXC.cif C H LYS 110 I H HOH .
VDWCONT 2.1723 2.18 -0.0076 1AXC.cif I H HOH . C H LYS 110
VDWCONT 2.1725 2.18 -0.0074 1AXC.cif E H ASP 97 E H THR 98
VDWCONT 2.1725 2.18 -0.0074 1AXC.cif E H THR 98 E H ASP 97
VDWCONT 2.1748 2.18 -0.0051 1AXC.cif E H LEU 19 E H LYS 20
VDWCONT 2.1748 2.18 -0.0051 1AXC.cif E H LYS 20 E H LEU 19
VDWCONT 2.1755 2.18 -0.0044 1AXC.cif J H HOH . J H HOH .
VDWCONT 2.1755 2.18 -0.0044 1AXC.cif J H HOH . J H HOH .
VDWCONT 2.176 2.18 -0.0039 1AXC.cif G H HOH . G H HOH .
VDWCONT 2.176 2.18 -0.0039 1AXC.cif G H HOH . G H HOH .
VDWCONT 2.1804 2.18 0.0004 1AXC.cif G H HOH . G H HOH .
VDWCONT 2.1804 2.18 0.0004 1AXC.cif G H HOH . G H HOH .
VDWCONT 2.1827 2.18 0.0027 1AXC.cif E H SER 54 K H HOH .
VDWCONT 2.1827 2.18 0.0027 1AXC.cif K H HOH . E H SER 54
VDWCONT 2.1839 2.18 0.0039 1AXC.cif E H ARG 53 K H HOH .
VDWCONT 2.1839 2.18 0.0039 1AXC.cif K H HOH . E H ARG 53
VDWCONT 2.1857 2.18 0.0057 1AXC.cif C H SER 39 I H HOH .
VDWCONT 2.1857 2.18 0.0057 1AXC.cif I H HOH . C H SER 39
VDWCONT 2.6004 2.61 -0.0095 1AXC.cif A H LEU 205 A O LEU 205
VDWCONT 2.6004 2.61 -0.0095 1AXC.cif A O LEU 205 A H LEU 205
VDWCONT 2.6007 2.61 -0.0092 1AXC.cif A H ARG 64 A O ARG 64
VDWCONT 2.6007 2.61 -0.0092 1AXC.cif A O ARG 64 A H ARG 64
VDWCONT 2.6015 2.61 -0.0084 1AXC.cif E H LYS 13 E O LEU 79
VDWCONT 2.6015 2.61 -0.0084 1AXC.cif E O LEU 79 E H LYS 13
VDWCONT 2.6017 2.61 -0.0082 1AXC.cif A O GLU 174 E H LYS 117
VDWCONT 2.6017 2.61 -0.0082 1AXC.cif C H CYS 135 C O CYS 135
VDWCONT 2.6017 2.61 -0.0082 1AXC.cif C O CYS 135 C H CYS 135
VDWCONT 2.6017 2.61 -0.0082 1AXC.cif E H LYS 117 A O GLU 174
VDWCONT 2.6021 2.61 -0.0078 1AXC.cif C O LEU 22 I H HOH .
VDWCONT 2.6021 2.61 -0.0078 1AXC.cif I H HOH . C O LEU 22
VDWCONT 2.6022 2.61 -0.0077 1AXC.cif A H TYR 60 A O TYR 60
VDWCONT 2.6022 2.61 -0.0077 1AXC.cif A O TYR 60 A H TYR 60
VDWCONT 2.6022 2.61 -0.0077 1AXC.cif C H ARG 61 C O ASP 63
VDWCONT 2.6022 2.61 -0.0077 1AXC.cif C O ASP 63 C H ARG 61
VDWCONT 2.602 2.61 -0.0079 1AXC.cif C O MET 40 I H HOH .
VDWCONT 2.602 2.61 -0.0079 1AXC.cif I H HOH . C O MET 40
VDWCONT 2.6033 2.61 -0.0066 1AXC.cif I H HOH . I O HOH .
VDWCONT 2.6033 2.61 -0.0066 1AXC.cif I O HOH . I H HOH .
VDWCONT 2.6038 2.61 -0.0061 1AXC.cif C H THR 51 C O THR 51
VDWCONT 2.6038 2.61 -0.0061 1AXC.cif C O THR 51 C H THR 51
VDWCONT 2.6042 2.61 -0.0057 1AXC.cif E H PHE 215 E O LEU 212
VDWCONT 2.6042 2.61 -0.0057 1AXC.cif E O LEU 212 E H PHE 215
VDWCONT 2.6046 2.61 -0.0053 1AXC.cif C H GLN 204 I O HOH .
VDWCONT 2.6046 2.61 -0.0053 1AXC.cif I O HOH . C H GLN 204
VDWCONT 2.6049 2.61 -0.005 1AXC.cif E H LYS 138 E O LYS 138
VDWCONT 2.6049 2.61 -0.005 1AXC.cif E O LYS 138 E H LYS 138
VDWCONT 2.6053 2.61 -0.0046 1AXC.cif E H GLY 178 E O GLY 178
VDWCONT 2.6053 2.61 -0.0046 1AXC.cif E O GLY 178 E H GLY 178
VDWCONT 2.6058 2.61 -0.0041 1AXC.cif A H GLU 3 A O GLU 3
VDWCONT 2.6058 2.61 -0.0041 1AXC.cif A O GLU 3 A H GLU 3
VDWCONT 2.6059 2.61 -0.004 1AXC.cif E H ALA 92 E O ALA 92
VDWCONT 2.6059 2.61 -0.004 1AXC.cif E O ALA 92 E H ALA 92
VDWCONT 2.6065 2.61 -0.0034 1AXC.cif E H SER 43 E O SER 43
VDWCONT 2.6065 2.61 -0.0034 1AXC.cif E O SER 43 E H SER 43
VDWCONT 2.6068 2.61 -0.0031 1AXC.cif C H ARG 91 C O ARG 91
VDWCONT 2.6068 2.61 -0.0031 1AXC.cif C O ARG 91 C H ARG 91
VDWCONT 2.6069 2.61 -0.003 1AXC.cif A H ASN 213 A O CYS 148
VDWCONT 2.6069 2.61 -0.003 1AXC.cif A O CYS 148 A H ASN 213
VDWCONT 2.607 2.61 -0.0029 1AXC.cif A H SER 54 A O GLU 55
VDWCONT 2.607 2.61 -0.0029 1AXC.cif A O GLU 55 A H SER 54
VDWCONT 2.6085 2.61 -0.0014 1AXC.cif C H ALA 4 C O ALA 4
VDWCONT 2.6085 2.61 -0.0014 1AXC.cif C O ALA 4 C H ALA 4
VDWCONT 2.6093 2.61 -0.0006 1AXC.cif A H ALA 92 A O ALA 92
VDWCONT 2.6093 2.61 -0.0006 1AXC.cif A O ALA 92 A H ALA 92
VDWCONT 2.6109 2.61 0.0009 1AXC.cif A H LYS 138 A O LYS 138
VDWCONT 2.6109 2.61 0.0009 1AXC.cif A O LYS 138 A H LYS 138
VDWCONT 2.6121 2.61 0.0021 1AXC.cif C H ASN 36 C O ASN 36
VDWCONT 2.6121 2.61 0.0021 1AXC.cif C O ASN 36 C H ASN 36
VDWCONT 2.612 2.61 0.002 1AXC.cif E H ASN 65 K O HOH .
VDWCONT 2.612 2.61 0.002 1AXC.cif K O HOH . E H ASN 65
VDWCONT 2.6126 2.61 0.0026 1AXC.cif A O TYR 133 H H HOH .
VDWCONT 2.6126 2.61 0.0026 1AXC.cif H H HOH . A O TYR 133
VDWCONT 2.6132 2.61 0.0032 1AXC.cif E H THR 89 E O THR 89
VDWCONT 2.6132 2.61 0.0032 1AXC.cif E O THR 89 E H THR 89
VDWCONT 2.613 2.61 0.003 1AXC.cif L H HOH . L O HOH .
VDWCONT 2.613 2.61 0.003 1AXC.cif L O HOH . L H HOH .
VDWCONT 2.6145 2.61 0.0045 1AXC.cif A O ARG 64 G H HOH .
VDWCONT 2.6145 2.61 0.0045 1AXC.cif G H HOH . A O ARG 64
VDWCONT 2.6151 2.61 0.0051 1AXC.cif C H GLY 166 C O GLY 166
VDWCONT 2.6151 2.61 0.0051 1AXC.cif C O GLY 166 C H GLY 166
VDWCONT 2.6154 2.61 0.0054 1AXC.cif A H THR 196 A O THR 196
VDWCONT 2.6154 2.61 0.0054 1AXC.cif A O THR 196 A H THR 196
VDWCONT 2.6155 2.61 0.0055 1AXC.cif C O LYS 117 I H HOH .
VDWCONT 2.6155 2.61 0.0055 1AXC.cif I H HOH . C O LYS 117
VDWCONT 2.617 2.61 0.007 1AXC.cif I H HOH . I O HOH .
VDWCONT 2.617 2.61 0.007 1AXC.cif I O HOH . I H HOH .
VDWCONT 2.6174 2.61 0.0074 1AXC.cif E H ASN 36 E O ASN 36
VDWCONT 2.6174 2.61 0.0074 1AXC.cif E O ASN 36 E H ASN 36
VDWCONT 2.6185 2.61 0.0085 1AXC.cif K H HOH . K O HOH .
VDWCONT 2.6185 2.61 0.0085 1AXC.cif K O HOH . K H HOH .
VDWCONT 2.6192 2.61 0.0092 1AXC.cif K H HOH . K O HOH .
VDWCONT 2.6192 2.61 0.0092 1AXC.cif K O HOH . K H HOH .
VDWCONT 2.6308 2.64 -0.0091 1AXC.cif C H CYS 148 C N ILE 147
VDWCONT 2.6308 2.64 -0.0091 1AXC.cif C N ILE 147 C H CYS 148
VDWCONT 2.6319 2.64 -0.008 1AXC.cif C N ASP 86 I H HOH .
VDWCONT 2.6319 2.64 -0.008 1AXC.cif I H HOH . C N ASP 86
VDWCONT 2.6358 2.64 -0.0041 1AXC.cif A H SER 33 A N GLY 34
VDWCONT 2.6358 2.64 -0.0041 1AXC.cif A N GLY 34 A H SER 33
VDWCONT 2.6401 2.64 0.0001 1AXC.cif C H THR 59 C N THR 59
VDWCONT 2.6401 2.64 0.0001 1AXC.cif C N MET 40 I H HOH .
VDWCONT 2.6401 2.64 0.0001 1AXC.cif C N THR 59 C H THR 59
VDWCONT 2.6401 2.64 0.0001 1AXC.cif I H HOH . C N MET 40
VDWCONT 2.6402 2.64 0.0002 1AXC.cif E N GLN 38 K H HOH .
VDWCONT 2.6402 2.64 0.0002 1AXC.cif K H HOH . E N GLN 38
VDWCONT 2.6405 2.64 0.0005 1AXC.cif A H SER 54 A N SER 54
VDWCONT 2.6405 2.64 0.0005 1AXC.cif A N SER 54 A H SER 54
VDWCONT 2.6414 2.64 0.0014 1AXC.cif A H ILE 11 A N SER 10
VDWCONT 2.6414 2.64 0.0014 1AXC.cif A N SER 10 A H ILE 11
VDWCONT 2.6431 2.64 0.0031 1AXC.cif C H LYS 20 C N LEU 19
VDWCONT 2.6431 2.64 0.0031 1AXC.cif C N LEU 19 C H LYS 20
VDWCONT 2.6444 2.64 0.0044 1AXC.cif A H SER 46 A N SER 46
VDWCONT 2.6444 2.64 0.0044 1AXC.cif A N SER 46 A H SER 46
VDWCONT 2.646 2.64 0.006 1AXC.cif C N ASN 71 I H HOH .
VDWCONT 2.646 2.64 0.006 1AXC.cif I H HOH . C N ASN 71
VDWCONT 2.6477 2.64 0.0077 1AXC.cif D N HIS 14 J H HOH .
VDWCONT 2.6477 2.64 0.0077 1AXC.cif J H HOH . D N HIS 14
VDWCONT 2.6487 2.64 0.0087 1AXC.cif F H SER 8 F N SER 8
VDWCONT 2.6487 2.64 0.0087 1AXC.cif F N SER 8 F H SER 8
VDWCONT 2.7803 2.79 -0.0096 1AXC.cif E C ILE 154 E H ILE 154
VDWCONT 2.7803 2.79 -0.0096 1AXC.cif E C SER 76 E H SER 76
VDWCONT 2.7803 2.79 -0.0096 1AXC.cif E H ILE 154 E C ILE 154
VDWCONT 2.7803 2.79 -0.0096 1AXC.cif E H SER 76 E C SER 76
VDWCONT 2.7808 2.79 -0.0091 1AXC.cif E C LEU 175 K H HOH .
VDWCONT 2.7808 2.79 -0.0091 1AXC.cif K H HOH . E C LEU 175
VDWCONT 2.7809 2.79 -0.009 1AXC.cif E C ARG 91 E H ARG 91
VDWCONT 2.7809 2.79 -0.009 1AXC.cif E H ARG 91 E C ARG 91
VDWCONT 2.7812 2.79 -0.0087 1AXC.cif C C GLU 93 C H GLU 93
VDWCONT 2.7812 2.79 -0.0087 1AXC.cif C H GLU 93 C C GLU 93
VDWCONT 2.781 2.79 -0.0089 1AXC.cif A C ILE 30 A H ILE 30
VDWCONT 2.781 2.79 -0.0089 1AXC.cif A H ILE 30 A C ILE 30
VDWCONT 2.781 2.79 -0.0089 1AXC.cif E C ASN 84 E H ASP 86
VDWCONT 2.781 2.79 -0.0089 1AXC.cif E H ASP 86 E C ASN 84
VDWCONT 2.7813 2.79 -0.0086 1AXC.cif F C HIS 14 F H HIS 14
VDWCONT 2.7813 2.79 -0.0086 1AXC.cif F H HIS 14 F C HIS 14
VDWCONT 2.7817 2.79 -0.0082 1AXC.cif E C TYR 133 E H SER 230
VDWCONT 2.7817 2.79 -0.0082 1AXC.cif E H SER 230 E C TYR 133
VDWCONT 2.7818 2.79 -0.0081 1AXC.cif C C PHE 57 C H THR 59
VDWCONT 2.7818 2.79 -0.0081 1AXC.cif C H THR 59 C C PHE 57
VDWCONT 2.7821 2.79 -0.0078 1AXC.cif A C GLN 125 A H GLN 125
VDWCONT 2.7821 2.79 -0.0078 1AXC.cif A H GLN 125 A C GLN 125
VDWCONT 2.7825 2.79 -0.0074 1AXC.cif C C VAL 123 C H GLN 125
VDWCONT 2.7825 2.79 -0.0074 1AXC.cif C H GLN 125 C C VAL 123
VDWCONT 2.7827 2.79 -0.0072 1AXC.cif A C VAL 102 A H VAL 102
VDWCONT 2.7827 2.79 -0.0072 1AXC.cif A H VAL 102 A C VAL 102
VDWCONT 2.7831 2.79 -0.0068 1AXC.cif E C HIS 153 E H HIS 153
VDWCONT 2.7831 2.79 -0.0068 1AXC.cif E H HIS 153 E C HIS 153
VDWCONT 2.7832 2.79 -0.0067 1AXC.cif E C THR 206 E H THR 206
VDWCONT 2.7832 2.79 -0.0067 1AXC.cif E H THR 206 E C THR 206
VDWCONT 2.7833 2.79 -0.0066 1AXC.cif A C TRP 28 A H TRP 28
VDWCONT 2.7833 2.79 -0.0066 1AXC.cif A H TRP 28 A C TRP 28
VDWCONT 2.7833 2.79 -0.0066 1AXC.cif F C THR 10 F H THR 10
VDWCONT 2.7833 2.79 -0.0066 1AXC.cif F H THR 10 F C THR 10
VDWCONT 2.7836 2.79 -0.0063 1AXC.cif C C ALA 4 C H ALA 4
VDWCONT 2.7836 2.79 -0.0063 1AXC.cif C H ALA 4 C C ALA 4
VDWCONT 2.7839 2.79 -0.006 1AXC.cif E C ASP 97 E H ASP 97
VDWCONT 2.7839 2.79 -0.006 1AXC.cif E H ASP 97 E C ASP 97
VDWCONT 2.7843 2.79 -0.0056 1AXC.cif E C ASP 150 E H HIS 153
VDWCONT 2.7843 2.79 -0.0056 1AXC.cif E H HIS 153 E C ASP 150
VDWCONT 2.7846 2.79 -0.0053 1AXC.cif C C TYR 250 C H TYR 250
VDWCONT 2.7846 2.79 -0.0053 1AXC.cif C H TYR 250 C C TYR 250
VDWCONT 2.7849 2.79 -0.005 1AXC.cif C C LEU 121 C H VAL 123
VDWCONT 2.7849 2.79 -0.005 1AXC.cif C C VAL 102 C H VAL 102
VDWCONT 2.7849 2.79 -0.005 1AXC.cif C H VAL 102 C C VAL 102
VDWCONT 2.7849 2.79 -0.005 1AXC.cif C H VAL 123 C C LEU 121
VDWCONT 2.7852 2.79 -0.0047 1AXC.cif E C GLU 238 E H GLU 238
VDWCONT 2.7852 2.79 -0.0047 1AXC.cif E H GLU 238 E C GLU 238
VDWCONT 2.7853 2.79 -0.0046 1AXC.cif E C CYS 162 E H CYS 162
VDWCONT 2.7853 2.79 -0.0046 1AXC.cif E H CYS 162 E C CYS 162
VDWCONT 2.7854 2.79 -0.0045 1AXC.cif A C LEU 16 A H ALA 18
VDWCONT 2.7854 2.79 -0.0045 1AXC.cif A H ALA 18 A C LEU 16
VDWCONT 2.7855 2.79 -0.0044 1AXC.cif C C ILE 180 C H ILE 180
VDWCONT 2.7855 2.79 -0.0044 1AXC.cif C H ILE 180 C C ILE 180
VDWCONT 2.7865 2.79 -0.0034 1AXC.cif A C THR 185 A H VAL 195
VDWCONT 2.7865 2.79 -0.0034 1AXC.cif A H VAL 195 A C THR 185
VDWCONT 2.7866 2.79 -0.0033 1AXC.cif D C HIS 14 D H HIS 14
VDWCONT 2.7866 2.79 -0.0033 1AXC.cif D H HIS 14 D C HIS 14
VDWCONT 2.7869 2.79 -0.003 1AXC.cif A C GLU 93 A H ALA 96
VDWCONT 2.7869 2.79 -0.003 1AXC.cif A H ALA 96 A C GLU 93
VDWCONT 2.7872 2.79 -0.0027 1AXC.cif C C PHE 2 C H PHE 2
VDWCONT 2.7872 2.79 -0.0027 1AXC.cif C H PHE 2 C C PHE 2
VDWCONT 2.7874 2.79 -0.0025 1AXC.cif A C ILE 78 A H LYS 80
VDWCONT 2.7874 2.79 -0.0025 1AXC.cif A H LYS 80 A C ILE 78
VDWCONT 2.7875 2.79 -0.0024 1AXC.cif E C GLU 55 K H HOH .
VDWCONT 2.7875 2.79 -0.0024 1AXC.cif K H HOH . E C GLU 55
VDWCONT 2.7877 2.79 -0.0022 1AXC.cif A C LEU 101 A H LEU 101
VDWCONT 2.7877 2.79 -0.0022 1AXC.cif A H LEU 101 A C LEU 101
VDWCONT 2.7881 2.79 -0.0018 1AXC.cif C C GLN 125 D H LYS 16
VDWCONT 2.7881 2.79 -0.0018 1AXC.cif D H LYS 16 C C GLN 125
VDWCONT 2.788 2.79 -0.0019 1AXC.cif C C LEU 50 C H LEU 50
VDWCONT 2.788 2.79 -0.0019 1AXC.cif C H LEU 50 C C LEU 50
VDWCONT 2.788 2.79 -0.0019 1AXC.cif E C VAL 137 E H VAL 137
VDWCONT 2.788 2.79 -0.0019 1AXC.cif E H VAL 137 E C VAL 137
VDWCONT 2.7883 2.79 -0.0016 1AXC.cif E C ILE 30 E H ILE 30
VDWCONT 2.7883 2.79 -0.0016 1AXC.cif E H ILE 30 E C ILE 30
VDWCONT 2.7885 2.79 -0.0014 1AXC.cif E C GLU 17 E H LEU 19
VDWCONT 2.7885 2.79 -0.0014 1AXC.cif E H LEU 19 E C GLU 17
VDWCONT 2.7887 2.79 -0.0012 1AXC.cif D C THR 7 D H THR 7
VDWCONT 2.7887 2.79 -0.0012 1AXC.cif D H THR 7 D C THR 7
VDWCONT 2.7887 2.79 -0.0012 1AXC.cif E C THR 224 E H THR 224
VDWCONT 2.7887 2.79 -0.0012 1AXC.cif E H THR 224 E C THR 224
VDWCONT 2.7891 2.79 -0.0008 1AXC.cif B C HIS 14 B H HIS 14
VDWCONT 2.7891 2.79 -0.0008 1AXC.cif B H HIS 14 B C HIS 14
VDWCONT 2.789 2.79 -0.0009 1AXC.cif A C LEU 37 G H HOH .
VDWCONT 2.789 2.79 -0.0009 1AXC.cif E C GLY 127 E H GLY 127
VDWCONT 2.789 2.79 -0.0009 1AXC.cif E H GLY 127 E C GLY 127
VDWCONT 2.789 2.79 -0.0009 1AXC.cif G H HOH . A C LEU 37
VDWCONT 2.7893 2.79 -0.0006 1AXC.cif C C VAL 159 C H VAL 159
VDWCONT 2.7893 2.79 -0.0006 1AXC.cif C H VAL 159 C C VAL 159
VDWCONT 2.7898 2.79 -0.0001 1AXC.cif E C GLU 17 K H HOH .
VDWCONT 2.7898 2.79 -0.0001 1AXC.cif K H HOH . E C GLU 17
VDWCONT 2.7901 2.79 0.0001 1AXC.cif A C SER 186 A H SER 186
VDWCONT 2.7901 2.79 0.0001 1AXC.cif A C THR 206 A H THR 206
VDWCONT 2.7901 2.79 0.0001 1AXC.cif A H SER 186 A C SER 186
VDWCONT 2.7901 2.79 0.0001 1AXC.cif A H THR 206 A C THR 206
VDWCONT 2.7903 2.79 0.0003 1AXC.cif C C THR 206 C H THR 206
VDWCONT 2.7903 2.79 0.0003 1AXC.cif C H THR 206 C C THR 206
VDWCONT 2.7905 2.79 0.0005 1AXC.cif A C LEU 6 A H LEU 6
VDWCONT 2.7905 2.79 0.0005 1AXC.cif A H LEU 6 A C LEU 6
VDWCONT 2.7907 2.79 0.0007 1AXC.cif A C SER 54 A H PHE 57
VDWCONT 2.7907 2.79 0.0007 1AXC.cif A H PHE 57 A C SER 54
VDWCONT 2.7908 2.79 0.0008 1AXC.cif C C ILE 197 C H ILE 197
VDWCONT 2.7908 2.79 0.0008 1AXC.cif C H ILE 197 C C ILE 197
VDWCONT 2.7911 2.79 0.0011 1AXC.cif E C VAL 70 E H ASN 71
VDWCONT 2.7911 2.79 0.0011 1AXC.cif E H ASN 71 E C VAL 70
VDWCONT 2.7912 2.79 0.0012 1AXC.cif D C PHE 12 D H PHE 12
VDWCONT 2.7912 2.79 0.0012 1AXC.cif D H PHE 12 D C PHE 12
VDWCONT 2.7913 2.79 0.0013 1AXC.cif E C SER 76 K H HOH .
VDWCONT 2.7913 2.79 0.0013 1AXC.cif K H HOH . E C SER 76
VDWCONT 2.7914 2.79 0.0014 1AXC.cif A C GLU 17 G H HOH .
VDWCONT 2.7914 2.79 0.0014 1AXC.cif C C ASP 156 I H HOH .
VDWCONT 2.7914 2.79 0.0014 1AXC.cif G H HOH . A C GLU 17
VDWCONT 2.7914 2.79 0.0014 1AXC.cif I H HOH . C C ASP 156
VDWCONT 2.7916 2.79 0.0016 1AXC.cif C C SER 33 C H SER 33
VDWCONT 2.7916 2.79 0.0016 1AXC.cif C H SER 33 C C SER 33
VDWCONT 2.7918 2.79 0.0018 1AXC.cif C C LYS 168 C H LYS 168
VDWCONT 2.7918 2.79 0.0018 1AXC.cif C H LYS 168 C C LYS 168
VDWCONT 2.792 2.79 0.002 1AXC.cif E C VAL 70 E H VAL 70
VDWCONT 2.792 2.79 0.002 1AXC.cif E H VAL 70 E C VAL 70
VDWCONT 2.7926 2.79 0.0026 1AXC.cif C C LEU 52 C H LEU 52
VDWCONT 2.7926 2.79 0.0026 1AXC.cif C H LEU 52 C C LEU 52
VDWCONT 2.79 2.79 0 1AXC.cif C C LYS 20 C H ASP 21
VDWCONT 2.79 2.79 0 1AXC.cif C H ASP 21 C C LYS 20
VDWCONT 2.7928 2.79 0.0028 1AXC.cif E C LEU 227 E H LEU 227
VDWCONT 2.7928 2.79 0.0028 1AXC.cif E H LEU 227 E C LEU 227
VDWCONT 2.7929 2.79 0.0029 1AXC.cif E C ALA 96 E H THR 98
VDWCONT 2.7929 2.79 0.0029 1AXC.cif E H THR 98 E C ALA 96
VDWCONT 2.7932 2.79 0.0032 1AXC.cif A C LEU 205 A H LEU 205
VDWCONT 2.7932 2.79 0.0032 1AXC.cif A H LEU 205 A C LEU 205
VDWCONT 2.7935 2.79 0.0035 1AXC.cif C C HIS 246 C H HIS 246
VDWCONT 2.7935 2.79 0.0035 1AXC.cif C H HIS 246 C C HIS 246
VDWCONT 2.7941 2.79 0.0041 1AXC.cif A C ASP 21 A H LYS 217
VDWCONT 2.7941 2.79 0.0041 1AXC.cif A H LYS 217 A C ASP 21
VDWCONT 2.7941 2.79 0.0041 1AXC.cif D C TYR 13 D H TYR 13
VDWCONT 2.7941 2.79 0.0041 1AXC.cif D H TYR 13 D C TYR 13
VDWCONT 2.7942 2.79 0.0042 1AXC.cif A C ARG 64 A H ARG 64
VDWCONT 2.7942 2.79 0.0042 1AXC.cif A C THR 219 G H HOH .
VDWCONT 2.7942 2.79 0.0042 1AXC.cif A H ARG 64 A C ARG 64
VDWCONT 2.7942 2.79 0.0042 1AXC.cif E C HIS 153 E H HIS 153
VDWCONT 2.7942 2.79 0.0042 1AXC.cif E H HIS 153 E C HIS 153
VDWCONT 2.7942 2.79 0.0042 1AXC.cif F C LYS 16 F H LYS 16
VDWCONT 2.7942 2.79 0.0042 1AXC.cif F H LYS 16 F C LYS 16
VDWCONT 2.7942 2.79 0.0042 1AXC.cif G H HOH . A C THR 219
VDWCONT 2.794 2.79 0.004 1AXC.cif A C HIS 246 A H HIS 246
VDWCONT 2.794 2.79 0.004 1AXC.cif A C ILE 128 A H ILE 128
VDWCONT 2.794 2.79 0.004 1AXC.cif A H HIS 246 A C HIS 246
VDWCONT 2.794 2.79 0.004 1AXC.cif A H ILE 128 A C ILE 128
VDWCONT 2.7944 2.79 0.0044 1AXC.cif E C HIS 44 E H HIS 44
VDWCONT 2.7944 2.79 0.0044 1AXC.cif E H HIS 44 E C HIS 44
VDWCONT 2.7946 2.79 0.0046 1AXC.cif C C LEU 66 C H LEU 66
VDWCONT 2.7946 2.79 0.0046 1AXC.cif C H LEU 66 C C LEU 66
VDWCONT 2.7947 2.79 0.0047 1AXC.cif B C MET 9 B H MET 9
VDWCONT 2.7947 2.79 0.0047 1AXC.cif B H MET 9 B C MET 9
VDWCONT 2.7947 2.79 0.0047 1AXC.cif C C ILE 30 C H ILE 30
VDWCONT 2.7947 2.79 0.0047 1AXC.cif C H ILE 30 C C ILE 30
VDWCONT 2.795 2.79 0.005 1AXC.cif A C ILE 197 A H ILE 197
VDWCONT 2.795 2.79 0.005 1AXC.cif A H ILE 197 A C ILE 197
VDWCONT 2.7954 2.79 0.0054 1AXC.cif A C MET 244 A H ARG 53
VDWCONT 2.7954 2.79 0.0054 1AXC.cif A H ARG 53 A C MET 244
VDWCONT 2.7956 2.79 0.0056 1AXC.cif A C HIS 44 A H HIS 44
VDWCONT 2.7956 2.79 0.0056 1AXC.cif A H HIS 44 A C HIS 44
VDWCONT 2.7957 2.79 0.0057 1AXC.cif C C SER 33 C H SER 33
VDWCONT 2.7957 2.79 0.0057 1AXC.cif C H SER 33 C C SER 33
VDWCONT 2.7957 2.79 0.0057 1AXC.cif E C THR 224 K H HOH .
VDWCONT 2.7957 2.79 0.0057 1AXC.cif K H HOH . E C THR 224
VDWCONT 2.7958 2.79 0.0058 1AXC.cif C C ILE 30 C H ILE 30
VDWCONT 2.7958 2.79 0.0058 1AXC.cif C H ILE 30 C C ILE 30
VDWCONT 2.7962 2.79 0.0062 1AXC.cif A C LEU 99 A H LEU 99
VDWCONT 2.7962 2.79 0.0062 1AXC.cif A H LEU 99 A C LEU 99
VDWCONT 2.7962 2.79 0.0062 1AXC.cif D C ARG 18 D H ARG 18
VDWCONT 2.7962 2.79 0.0062 1AXC.cif D H ARG 18 D C ARG 18
VDWCONT 2.796 2.79 0.006 1AXC.cif C C HIS 44 C H HIS 44
VDWCONT 2.796 2.79 0.006 1AXC.cif C H HIS 44 C C HIS 44
VDWCONT 2.7963 2.79 0.0063 1AXC.cif A C ALA 145 G H HOH .
VDWCONT 2.7963 2.79 0.0063 1AXC.cif C C VAL 7 C H GLY 9
VDWCONT 2.7963 2.79 0.0063 1AXC.cif C H GLY 9 C C VAL 7
VDWCONT 2.7963 2.79 0.0063 1AXC.cif E C HIS 246 E H HIS 246
VDWCONT 2.7963 2.79 0.0063 1AXC.cif E H HIS 246 E C HIS 246
VDWCONT 2.7963 2.79 0.0063 1AXC.cif G H HOH . A C ALA 145
VDWCONT 2.7965 2.79 0.0065 1AXC.cif A C LYS 254 A H LYS 254
VDWCONT 2.7965 2.79 0.0065 1AXC.cif A H LYS 254 A C LYS 254
VDWCONT 2.7968 2.79 0.0068 1AXC.cif A C ASN 65 G H HOH .
VDWCONT 2.7968 2.79 0.0068 1AXC.cif G H HOH . A C ASN 65
VDWCONT 2.7969 2.79 0.0069 1AXC.cif E C MET 244 E H ARG 53
VDWCONT 2.7969 2.79 0.0069 1AXC.cif E H ARG 53 E C MET 244
VDWCONT 2.7972 2.79 0.0072 1AXC.cif A C MET 229 A H MET 229
VDWCONT 2.7972 2.79 0.0072 1AXC.cif A H MET 229 A C MET 229
VDWCONT 2.7981 2.79 0.0081 1AXC.cif C C VAL 233 I H HOH .
VDWCONT 2.7981 2.79 0.0081 1AXC.cif I H HOH . C C VAL 233
VDWCONT 2.7982 2.79 0.0082 1AXC.cif A C LYS 13 A H LYS 14
VDWCONT 2.7982 2.79 0.0082 1AXC.cif A H LYS 14 A C LYS 13
VDWCONT 2.7984 2.79 0.0084 1AXC.cif A C ALA 231 A H VAL 233
VDWCONT 2.7984 2.79 0.0084 1AXC.cif A H VAL 233 A C ALA 231
VDWCONT 2.7986 2.79 0.0086 1AXC.cif C C LEU 6 C H LEU 6
VDWCONT 2.7986 2.79 0.0086 1AXC.cif C H LEU 6 C C LEU 6
VDWCONT 2.7986 2.79 0.0086 1AXC.cif D C PHE 21 D H PHE 21
VDWCONT 2.7986 2.79 0.0086 1AXC.cif D H PHE 21 D C PHE 21
VDWCONT 2.7996 2.79 0.0096 1AXC.cif E C LEU 16 E H LEU 19
VDWCONT 2.7996 2.79 0.0096 1AXC.cif E H LEU 19 E C LEU 16
VDWCONT 2.7997 2.79 0.0097 1AXC.cif A C LYS 80 A H LYS 80
VDWCONT 2.7997 2.79 0.0097 1AXC.cif A H LYS 80 A C LYS 80
VDWCONT 2.8847 2.89 -0.0052 1AXC.cif A H CYS 81 A S CYS 81
VDWCONT 2.8847 2.89 -0.0052 1AXC.cif A S CYS 81 A H CYS 81
VDWCONT 2.8984 2.89 0.0084 1AXC.cif E H CYS 81 E S CYS 81
VDWCONT 2.8984 2.89 0.0084 1AXC.cif E S CYS 81 E H CYS 81
VDWCONT 3.0311 3.04 -0.0088 1AXC.cif A O ALA 163 A O GLY 166
VDWCONT 3.0311 3.04 -0.0088 1AXC.cif A O GLY 166 A O ALA 163
VDWCONT 3.0316 3.04 -0.0083 1AXC.cif C O ASP 41 C O SER 46
VDWCONT 3.0316 3.04 -0.0083 1AXC.cif C O SER 46 C O ASP 41
VDWCONT 3.0374 3.04 -0.0025 1AXC.cif C O GLN 38 I O HOH .
VDWCONT 3.0374 3.04 -0.0025 1AXC.cif I O HOH . C O GLN 38
VDWCONT 3.0377 3.04 -0.0022 1AXC.cif C O SER 112 I O HOH .
VDWCONT 3.0377 3.04 -0.0022 1AXC.cif I O HOH . C O SER 112
VDWCONT 3.0386 3.04 -0.0013 1AXC.cif C O LYS 117 K O HOH .
VDWCONT 3.0386 3.04 -0.0013 1AXC.cif K O HOH . C O LYS 117
VDWCONT 3.0417 3.04 0.0017 1AXC.cif I O HOH . I O HOH .
VDWCONT 3.0417 3.04 0.0017 1AXC.cif I O HOH . I O HOH .
VDWCONT 3.042 3.04 0.002 1AXC.cif C O ASP 41 C O SER 46
VDWCONT 3.042 3.04 0.002 1AXC.cif C O SER 46 C O ASP 41
VDWCONT 3.0429 3.04 0.0029 1AXC.cif E O ARG 91 K O HOH .
VDWCONT 3.0429 3.04 0.0029 1AXC.cif K O HOH . E O ARG 91
VDWCONT 3.0435 3.04 0.0035 1AXC.cif E O GLU 55 E O SER 54
VDWCONT 3.0435 3.04 0.0035 1AXC.cif E O SER 54 E O GLU 55
VDWCONT 3.0468 3.04 0.0068 1AXC.cif F O SER 8 F O THR 10
VDWCONT 3.0468 3.04 0.0068 1AXC.cif F O THR 10 F O SER 8
VDWCONT 3.047 3.04 0.007 1AXC.cif C O MET 119 D O SER 22
VDWCONT 3.047 3.04 0.007 1AXC.cif D O SER 22 C O MET 119
VDWCONT 3.0475 3.04 0.0075 1AXC.cif C O ASN 177 I O HOH .
VDWCONT 3.0475 3.04 0.0075 1AXC.cif I O HOH . C O ASN 177
VDWCONT 3.0491 3.04 0.0091 1AXC.cif G O HOH . G O HOH .
VDWCONT 3.0491 3.04 0.0091 1AXC.cif G O HOH . G O HOH .
VDWCONT 3.0605 3.07 -0.0094 1AXC.cif A N THR 216 A O LEU 212
VDWCONT 3.0605 3.07 -0.0094 1AXC.cif A O LEU 212 A N THR 216
VDWCONT 3.0606 3.07 -0.0093 1AXC.cif E N VAL 233 E O ALA 231
VDWCONT 3.0606 3.07 -0.0093 1AXC.cif E O ALA 231 E N VAL 233
VDWCONT 3.0612 3.07 -0.0087 1AXC.cif E N ASP 63 E O ASP 63
VDWCONT 3.0612 3.07 -0.0087 1AXC.cif E O ASP 63 E N ASP 63
VDWCONT 3.0623 3.07 -0.0076 1AXC.cif B N PHE 12 B O MET 9
VDWCONT 3.0623 3.07 -0.0076 1AXC.cif B O MET 9 B N PHE 12
VDWCONT 3.0626 3.07 -0.0073 1AXC.cif D N GLN 6 D O THR 7
VDWCONT 3.0626 3.07 -0.0073 1AXC.cif D O THR 7 D N GLN 6
VDWCONT 3.0629 3.07 -0.007 1AXC.cif C N PRO 220 C O ALA 218
VDWCONT 3.0629 3.07 -0.007 1AXC.cif C O ALA 218 C N PRO 220
VDWCONT 3.06 3.07 -0.0099 1AXC.cif E N PHE 214 E O LEU 212
VDWCONT 3.06 3.07 -0.0099 1AXC.cif E O LEU 212 E N PHE 214
VDWCONT 3.063 3.07 -0.0069 1AXC.cif A N MET 75 A O ASN 71
VDWCONT 3.063 3.07 -0.0069 1AXC.cif A O ASN 71 A N MET 75
VDWCONT 3.0639 3.07 -0.006 1AXC.cif C N THR 224 C O SER 222
VDWCONT 3.0639 3.07 -0.006 1AXC.cif C O SER 222 C N THR 224
VDWCONT 3.064 3.07 -0.0059 1AXC.cif E O ASP 120 F N SER 22
VDWCONT 3.064 3.07 -0.0059 1AXC.cif F N SER 22 E O ASP 120
VDWCONT 3.0649 3.07 -0.005 1AXC.cif C N SER 10 I O HOH .
VDWCONT 3.0649 3.07 -0.005 1AXC.cif I O HOH . C N SER 10
VDWCONT 3.0654 3.07 -0.0045 1AXC.cif E N LYS 13 E O SER 10
VDWCONT 3.0654 3.07 -0.0045 1AXC.cif E O SER 10 E N LYS 13
VDWCONT 3.0656 3.07 -0.0043 1AXC.cif E N SER 43 E O ASP 41
VDWCONT 3.0656 3.07 -0.0043 1AXC.cif E O ASP 41 E N SER 43
VDWCONT 3.0657 3.07 -0.0042 1AXC.cif A N ALA 171 A O GLY 178
VDWCONT 3.0657 3.07 -0.0042 1AXC.cif A O GLY 178 A N ALA 171
VDWCONT 3.066 3.07 -0.0039 1AXC.cif A N ALA 242 A O ALA 242
VDWCONT 3.066 3.07 -0.0039 1AXC.cif A O ALA 242 A N ALA 242
VDWCONT 3.0663 3.07 -0.0036 1AXC.cif C N GLN 38 I O HOH .
VDWCONT 3.0663 3.07 -0.0036 1AXC.cif I O HOH . C N GLN 38
VDWCONT 3.0669 3.07 -0.003 1AXC.cif E N ALA 96 E O GLU 93
VDWCONT 3.0669 3.07 -0.003 1AXC.cif E O GLU 93 E N ALA 96
VDWCONT 3.0671 3.07 -0.0028 1AXC.cif A N SER 141 A O SER 223
VDWCONT 3.0671 3.07 -0.0028 1AXC.cif A O SER 223 A N SER 141
VDWCONT 3.0677 3.07 -0.0022 1AXC.cif A N GLY 142 A O PRO 140
VDWCONT 3.0677 3.07 -0.0022 1AXC.cif A O PRO 140 A N GLY 142
VDWCONT 3.0691 3.07 -0.0008 1AXC.cif A N LEU 221 A O ALA 218
VDWCONT 3.0691 3.07 -0.0008 1AXC.cif A O ALA 218 A N LEU 221
VDWCONT 3.0692 3.07 -0.0007 1AXC.cif A N ARG 91 G O HOH .
VDWCONT 3.0692 3.07 -0.0007 1AXC.cif E N GLY 245 E O ILE 241
VDWCONT 3.0692 3.07 -0.0007 1AXC.cif E O ILE 241 E N GLY 245
VDWCONT 3.0692 3.07 -0.0007 1AXC.cif G O HOH . A N ARG 91
VDWCONT 3.0696 3.07 -0.0003 1AXC.cif A N LYS 181 A O LYS 181
VDWCONT 3.0696 3.07 -0.0003 1AXC.cif A O LYS 181 A N LYS 181
VDWCONT 3.0698 3.07 -0.0001 1AXC.cif C N HIS 44 I O HOH .
VDWCONT 3.0698 3.07 -0.0001 1AXC.cif I O HOH . C N HIS 44
VDWCONT 3.0699 3.07 0 1AXC.cif A O ASN 177 E N GLU 115
VDWCONT 3.0699 3.07 0 1AXC.cif E N GLU 115 A O ASN 177
VDWCONT 3.0702 3.07 0.0002 1AXC.cif C N ARG 210 C O ALA 208
VDWCONT 3.0702 3.07 0.0002 1AXC.cif C O ALA 208 C N ARG 210
VDWCONT 3.0717 3.07 0.0017 1AXC.cif C N GLU 143 C O PRO 140
VDWCONT 3.0717 3.07 0.0017 1AXC.cif C O PRO 140 C N GLU 143
VDWCONT 3.0728 3.07 0.0028 1AXC.cif C N SER 43 C O ASP 41
VDWCONT 3.0728 3.07 0.0028 1AXC.cif C O ASP 41 C N SER 43
VDWCONT 3.0733 3.07 0.0033 1AXC.cif A N THR 89 A O VAL 102
VDWCONT 3.0733 3.07 0.0033 1AXC.cif A O VAL 102 A N THR 89
VDWCONT 3.0734 3.07 0.0034 1AXC.cif C N ASP 150 C O ASP 150
VDWCONT 3.0734 3.07 0.0034 1AXC.cif C O ASP 150 C N ASP 150
VDWCONT 3.0736 3.07 0.0036 1AXC.cif A N LYS 217 A O PHE 214
VDWCONT 3.0736 3.07 0.0036 1AXC.cif A O PHE 214 A N LYS 217
VDWCONT 3.0737 3.07 0.0037 1AXC.cif C N GLY 176 C O GLY 173
VDWCONT 3.0737 3.07 0.0037 1AXC.cif C O GLY 173 C N GLY 176
VDWCONT 3.0745 3.07 0.0045 1AXC.cif C N ASN 179 I O HOH .
VDWCONT 3.0745 3.07 0.0045 1AXC.cif I O HOH . C N ASN 179
VDWCONT 3.0771 3.07 0.0071 1AXC.cif A N LEU 12 A O SER 10
VDWCONT 3.0771 3.07 0.0071 1AXC.cif A O SER 10 A N LEU 12
VDWCONT 3.0772 3.07 0.0072 1AXC.cif C N ALA 242 C O LYS 240
VDWCONT 3.0772 3.07 0.0072 1AXC.cif C O LYS 240 C N ALA 242
VDWCONT 3.0772 3.07 0.0072 1AXC.cif E N LEU 121 F O ILE 20
VDWCONT 3.0772 3.07 0.0072 1AXC.cif E N THR 185 E O SER 183
VDWCONT 3.0772 3.07 0.0072 1AXC.cif E O SER 183 E N THR 185
VDWCONT 3.0772 3.07 0.0072 1AXC.cif F O ILE 20 E N LEU 121
VDWCONT 3.0775 3.07 0.0075 1AXC.cif C N SER 74 C O ASN 71
VDWCONT 3.0775 3.07 0.0075 1AXC.cif C O ASN 71 C N SER 74
VDWCONT 3.0778 3.07 0.0078 1AXC.cif E N VAL 167 E O LEU 182
VDWCONT 3.0778 3.07 0.0078 1AXC.cif E O LEU 182 E N VAL 167
VDWCONT 3.0781 3.07 0.0081 1AXC.cif A N THR 226 A O THR 226
VDWCONT 3.0781 3.07 0.0081 1AXC.cif A O THR 226 A N THR 226
VDWCONT 3.0782 3.07 0.0082 1AXC.cif A N ILE 197 A O ILE 197
VDWCONT 3.0782 3.07 0.0082 1AXC.cif A O ILE 197 A N ILE 197
VDWCONT 3.0786 3.07 0.0086 1AXC.cif C N ILE 11 C O SER 10
VDWCONT 3.0786 3.07 0.0086 1AXC.cif C O SER 10 C N ILE 11
VDWCONT 3.0787 3.07 0.0087 1AXC.cif A N CYS 81 A O LEU 79
VDWCONT 3.0787 3.07 0.0087 1AXC.cif A O LEU 79 A N CYS 81
VDWCONT 3.0789 3.07 0.0089 1AXC.cif C N ALA 163 C O GLY 166
VDWCONT 3.0789 3.07 0.0089 1AXC.cif C O GLY 166 C N ALA 163
VDWCONT 3.0791 3.07 0.0091 1AXC.cif C N ASP 63 C O ASP 63
VDWCONT 3.0791 3.07 0.0091 1AXC.cif C O ASP 63 C N ASP 63
VDWCONT 3.0792 3.07 0.0092 1AXC.cif A N GLN 8 A O GLN 8
VDWCONT 3.0792 3.07 0.0092 1AXC.cif A O GLN 8 A N GLN 8
VDWCONT 3.0798 3.07 0.0098 1AXC.cif E N ILE 11 E O GLN 8
VDWCONT 3.0798 3.07 0.0098 1AXC.cif E O GLN 8 E N ILE 11
VDWCONT 3.0908 3.1 -0.0091 1AXC.cif C N GLU 198 C N MET 199
VDWCONT 3.0908 3.1 -0.0091 1AXC.cif C N MET 199 C N GLU 198
VDWCONT 3.0972 3.1 -0.0027 1AXC.cif A N ALA 67 A N MET 68
VDWCONT 3.0972 3.1 -0.0027 1AXC.cif A N MET 68 A N ALA 67
VDWCONT 3.1043 3.1 0.0043 1AXC.cif E N ARG 146 E N ARG 149
VDWCONT 3.1043 3.1 0.0043 1AXC.cif E N ARG 149 E N ARG 146
VDWCONT 3.1046 3.1 0.0046 1AXC.cif C N ASN 177 C N ASN 177
VDWCONT 3.1046 3.1 0.0046 1AXC.cif C N ASN 177 C N ASN 177
VDWCONT 3.1052 3.1 0.0052 1AXC.cif A N GLU 115 A N MET 116
VDWCONT 3.1052 3.1 0.0052 1AXC.cif A N MET 116 A N GLU 115
VDWCONT 3.2101 3.22 -0.0098 1AXC.cif A C VAL 48 A O VAL 48
VDWCONT 3.2101 3.22 -0.0098 1AXC.cif A O VAL 48 A C VAL 48
VDWCONT 3.2107 3.22 -0.0092 1AXC.cif C C ILE 154 C O ILE 154
VDWCONT 3.2107 3.22 -0.0092 1AXC.cif C O ILE 154 C C ILE 154
VDWCONT 3.2109 3.22 -0.009 1AXC.cif C C ASP 156 C O ASP 156
VDWCONT 3.2109 3.22 -0.009 1AXC.cif C O ASP 156 C C ASP 156
VDWCONT 3.2112 3.22 -0.0087 1AXC.cif E C LEU 175 K O HOH .
VDWCONT 3.2112 3.22 -0.0087 1AXC.cif K O HOH . E C LEU 175
VDWCONT 3.2115 3.22 -0.0084 1AXC.cif C C SER 228 C O CYS 135
VDWCONT 3.2115 3.22 -0.0084 1AXC.cif C O CYS 135 C C SER 228
VDWCONT 3.2116 3.22 -0.0083 1AXC.cif A C GLU 115 A O GLU 115
VDWCONT 3.2116 3.22 -0.0083 1AXC.cif A C PRO 234 A O PRO 234
VDWCONT 3.2116 3.22 -0.0083 1AXC.cif A O GLU 115 A C GLU 115
VDWCONT 3.2116 3.22 -0.0083 1AXC.cif A O PRO 234 A C PRO 234
VDWCONT 3.2116 3.22 -0.0083 1AXC.cif B C TYR 13 B O PHE 12
VDWCONT 3.2116 3.22 -0.0083 1AXC.cif B O PHE 12 B C TYR 13
VDWCONT 3.2118 3.22 -0.0081 1AXC.cif A C VAL 233 A O PRO 234
VDWCONT 3.2118 3.22 -0.0081 1AXC.cif A O PRO 234 A C VAL 233
VDWCONT 3.2118 3.22 -0.0081 1AXC.cif E C VAL 48 E O VAL 48
VDWCONT 3.2118 3.22 -0.0081 1AXC.cif E O VAL 48 E C VAL 48
VDWCONT 3.2119 3.22 -0.008 1AXC.cif C C ASN 95 C O ASN 95
VDWCONT 3.2119 3.22 -0.008 1AXC.cif C O ASN 95 C C ASN 95
VDWCONT 3.2121 3.22 -0.0078 1AXC.cif A C MET 1 A O MET 1
VDWCONT 3.2121 3.22 -0.0078 1AXC.cif A O MET 1 A C MET 1
VDWCONT 3.2121 3.22 -0.0078 1AXC.cif B C ASP 11 B O SER 8
VDWCONT 3.2121 3.22 -0.0078 1AXC.cif B O SER 8 B C ASP 11
VDWCONT 3.2125 3.22 -0.0074 1AXC.cif C C PRO 140 C O ALA 194
VDWCONT 3.2125 3.22 -0.0074 1AXC.cif C O ALA 194 C C PRO 140
VDWCONT 3.2125 3.22 -0.0074 1AXC.cif E C GLU 17 E O GLU 17
VDWCONT 3.2125 3.22 -0.0074 1AXC.cif E O GLU 17 E C GLU 17
VDWCONT 3.2129 3.22 -0.007 1AXC.cif A C ALA 96 A O ALA 96
VDWCONT 3.2129 3.22 -0.007 1AXC.cif A O ALA 96 A C ALA 96
VDWCONT 3.2131 3.22 -0.0068 1AXC.cif C C ILE 147 C O ILE 147
VDWCONT 3.2131 3.22 -0.0068 1AXC.cif C O ILE 147 C C ILE 147
VDWCONT 3.21 3.22 -0.0099 1AXC.cif A C PRO 129 A O PRO 129
VDWCONT 3.21 3.22 -0.0099 1AXC.cif A O PRO 129 A C PRO 129
VDWCONT 3.2132 3.22 -0.0067 1AXC.cif C C LEU 47 C O LEU 47
VDWCONT 3.2132 3.22 -0.0067 1AXC.cif C O LEU 47 C C LEU 47
VDWCONT 3.2133 3.22 -0.0066 1AXC.cif A C LEU 50 A O THR 51
VDWCONT 3.2133 3.22 -0.0066 1AXC.cif A O THR 51 A C LEU 50
VDWCONT 3.2134 3.22 -0.0065 1AXC.cif B C TYR 13 B O TYR 13
VDWCONT 3.2134 3.22 -0.0065 1AXC.cif B O TYR 13 B C TYR 13
VDWCONT 3.2138 3.22 -0.0061 1AXC.cif E C THR 219 E O THR 216
VDWCONT 3.2138 3.22 -0.0061 1AXC.cif E O THR 216 E C THR 219
VDWCONT 3.2139 3.22 -0.006 1AXC.cif E C PHE 207 E O THR 206
VDWCONT 3.2139 3.22 -0.006 1AXC.cif E O THR 206 E C PHE 207
VDWCONT 3.2142 3.22 -0.0057 1AXC.cif D C ASP 11 D O THR 10
VDWCONT 3.2142 3.22 -0.0057 1AXC.cif D O THR 10 D C ASP 11
VDWCONT 3.2144 3.22 -0.0055 1AXC.cif A C ALA 26 A O ALA 26
VDWCONT 3.2144 3.22 -0.0055 1AXC.cif A O ALA 26 A C ALA 26
VDWCONT 3.215 3.22 -0.0049 1AXC.cif F C GLN 6 F O THR 7
VDWCONT 3.215 3.22 -0.0049 1AXC.cif F O THR 7 F C GLN 6
VDWCONT 3.2154 3.22 -0.0045 1AXC.cif C C LYS 240 C O TYR 239
VDWCONT 3.2154 3.22 -0.0045 1AXC.cif C C VAL 158 C O PHE 207
VDWCONT 3.2154 3.22 -0.0045 1AXC.cif C O PHE 207 C C VAL 158
VDWCONT 3.2154 3.22 -0.0045 1AXC.cif C O TYR 239 C C LYS 240
VDWCONT 3.2155 3.22 -0.0044 1AXC.cif E C GLU 55 K O HOH .
VDWCONT 3.2155 3.22 -0.0044 1AXC.cif K O HOH . E C GLU 55
VDWCONT 3.2156 3.22 -0.0043 1AXC.cif E C LEU 121 E O LEU 121
VDWCONT 3.2156 3.22 -0.0043 1AXC.cif E C VAL 35 K O HOH .
VDWCONT 3.2156 3.22 -0.0043 1AXC.cif E O LEU 121 E C LEU 121
VDWCONT 3.2156 3.22 -0.0043 1AXC.cif K O HOH . E C VAL 35
VDWCONT 3.216 3.22 -0.0039 1AXC.cif E C GLN 108 E O ASN 107
VDWCONT 3.216 3.22 -0.0039 1AXC.cif E O ASN 107 E C GLN 108
VDWCONT 3.2164 3.22 -0.0035 1AXC.cif C C ASN 213 C O THR 216
VDWCONT 3.2164 3.22 -0.0035 1AXC.cif C O THR 216 C C ASN 213
VDWCONT 3.217 3.22 -0.0029 1AXC.cif D C HIS 14 J O HOH .
VDWCONT 3.217 3.22 -0.0029 1AXC.cif J O HOH . D C HIS 14
VDWCONT 3.2173 3.22 -0.0026 1AXC.cif B C SER 15 B O SER 15
VDWCONT 3.2173 3.22 -0.0026 1AXC.cif B O SER 15 B C SER 15
VDWCONT 3.2179 3.22 -0.002 1AXC.cif A C LEU 235 A O LEU 235
VDWCONT 3.2179 3.22 -0.002 1AXC.cif A O LEU 235 A C LEU 235
VDWCONT 3.2181 3.22 -0.0018 1AXC.cif C C VAL 167 C O SER 161
VDWCONT 3.2181 3.22 -0.0018 1AXC.cif C O SER 161 C C VAL 167
VDWCONT 3.2181 3.22 -0.0018 1AXC.cif D C PHE 12 D O SER 8
VDWCONT 3.2181 3.22 -0.0018 1AXC.cif D O SER 8 D C PHE 12
VDWCONT 3.2182 3.22 -0.0017 1AXC.cif C O GLN 125 D C SER 15
VDWCONT 3.2182 3.22 -0.0017 1AXC.cif D C SER 15 C O GLN 125
VDWCONT 3.218 3.22 -0.0019 1AXC.cif A C ILE 241 A O LYS 240
VDWCONT 3.218 3.22 -0.0019 1AXC.cif A O LYS 240 A C ILE 241
VDWCONT 3.218 3.22 -0.0019 1AXC.cif E C VAL 236 E O TYR 133
VDWCONT 3.218 3.22 -0.0019 1AXC.cif E O TYR 133 E C VAL 236
VDWCONT 3.2186 3.22 -0.0013 1AXC.cif D C GLN 6 J O HOH .
VDWCONT 3.2186 3.22 -0.0013 1AXC.cif J O HOH . D C GLN 6
VDWCONT 3.2187 3.22 -0.0012 1AXC.cif C C ASP 113 C O ASP 113
VDWCONT 3.2187 3.22 -0.0012 1AXC.cif C O ASP 113 C C ASP 113
VDWCONT 3.2188 3.22 -0.0011 1AXC.cif E C SER 32 E O SER 32
VDWCONT 3.2188 3.22 -0.0011 1AXC.cif E O SER 32 E C SER 32
VDWCONT 3.219 3.22 -0.0009 1AXC.cif A C VAL 203 A O VAL 203
VDWCONT 3.219 3.22 -0.0009 1AXC.cif A O VAL 203 A C VAL 203
VDWCONT 3.2197 3.22 -0.0002 1AXC.cif B C ARG 17 B O ARG 17
VDWCONT 3.2197 3.22 -0.0002 1AXC.cif B O ARG 17 B C ARG 17
VDWCONT 3.2212 3.22 0.0012 1AXC.cif C C ASN 200 C O ASN 200
VDWCONT 3.2212 3.22 0.0012 1AXC.cif C O ASN 200 C C ASN 200
VDWCONT 3.2216 3.22 0.0016 1AXC.cif C C LEU 12 C O LEU 12
VDWCONT 3.2216 3.22 0.0016 1AXC.cif C O LEU 12 C C LEU 12
VDWCONT 3.2218 3.22 0.0018 1AXC.cif A C SER 46 A O SER 46
VDWCONT 3.2218 3.22 0.0018 1AXC.cif A O SER 46 A C SER 46
VDWCONT 3.2218 3.22 0.0018 1AXC.cif C C LEU 16 C O LEU 16
VDWCONT 3.2218 3.22 0.0018 1AXC.cif C O LEU 16 C C LEU 16
VDWCONT 3.2221 3.22 0.0021 1AXC.cif E C GLU 192 E O GLU 191
VDWCONT 3.2221 3.22 0.0021 1AXC.cif E O GLU 191 E C GLU 192
VDWCONT 3.2222 3.22 0.0022 1AXC.cif D C LYS 16 J O HOH .
VDWCONT 3.2222 3.22 0.0022 1AXC.cif J O HOH . D C LYS 16
VDWCONT 3.2223 3.22 0.0023 1AXC.cif C C ASP 86 C O ASP 86
VDWCONT 3.2223 3.22 0.0023 1AXC.cif C O ASP 86 C C ASP 86
VDWCONT 3.2223 3.22 0.0023 1AXC.cif E C VAL 48 E O LYS 248
VDWCONT 3.2223 3.22 0.0023 1AXC.cif E O LYS 248 E C VAL 48
VDWCONT 3.2226 3.22 0.0026 1AXC.cif C C SER 54 C O SER 54
VDWCONT 3.2226 3.22 0.0026 1AXC.cif C O SER 54 C C SER 54
VDWCONT 3.2226 3.22 0.0026 1AXC.cif E C VAL 15 E O VAL 15
VDWCONT 3.2226 3.22 0.0026 1AXC.cif E O VAL 15 E C VAL 15
VDWCONT 3.2227 3.22 0.0027 1AXC.cif A C THR 73 A O ASN 71
VDWCONT 3.2227 3.22 0.0027 1AXC.cif A O ASN 71 A C THR 73
VDWCONT 3.2227 3.22 0.0027 1AXC.cif E C VAL 15 E O ILE 11
VDWCONT 3.2227 3.22 0.0027 1AXC.cif E O ILE 11 E C VAL 15
VDWCONT 3.2232 3.22 0.0032 1AXC.cif A C ALA 208 A O PHE 207
VDWCONT 3.2232 3.22 0.0032 1AXC.cif A O PHE 207 A C ALA 208
VDWCONT 3.2232 3.22 0.0032 1AXC.cif E C SER 230 E O ALA 231
VDWCONT 3.2232 3.22 0.0032 1AXC.cif E O ALA 231 E C SER 230
VDWCONT 3.223 3.22 0.003 1AXC.cif C O ASP 232 D C PHE 12
VDWCONT 3.223 3.22 0.003 1AXC.cif D C PHE 12 C O ASP 232
VDWCONT 3.2233 3.22 0.0033 1AXC.cif C C ALA 96 C O ALA 96
VDWCONT 3.2233 3.22 0.0033 1AXC.cif C O ALA 96 C C ALA 96
VDWCONT 3.2234 3.22 0.0034 1AXC.cif A C TYR 133 G O HOH .
VDWCONT 3.2234 3.22 0.0034 1AXC.cif G O HOH . A C TYR 133
VDWCONT 3.2237 3.22 0.0037 1AXC.cif F C ARG 17 F O ARG 17
VDWCONT 3.2237 3.22 0.0037 1AXC.cif F O ARG 17 F C ARG 17
VDWCONT 3.2238 3.22 0.0038 1AXC.cif A C GLY 173 A O ILE 154
VDWCONT 3.2238 3.22 0.0038 1AXC.cif A O ILE 154 A C GLY 173
VDWCONT 3.2241 3.22 0.0041 1AXC.cif A C SER 230 A O SER 230
VDWCONT 3.2241 3.22 0.0041 1AXC.cif A O SER 230 A C SER 230
VDWCONT 3.2242 3.22 0.0042 1AXC.cif E C GLN 184 E O VAL 195
VDWCONT 3.2242 3.22 0.0042 1AXC.cif E O VAL 195 E C GLN 184
VDWCONT 3.2243 3.22 0.0043 1AXC.cif C C LEU 37 C O LEU 37
VDWCONT 3.2243 3.22 0.0043 1AXC.cif C O LEU 37 C C LEU 37
VDWCONT 3.2249 3.22 0.0049 1AXC.cif C C MET 229 C O SER 230
VDWCONT 3.2249 3.22 0.0049 1AXC.cif C O SER 230 C C MET 229
VDWCONT 3.2253 3.22 0.0053 1AXC.cif C C GLU 109 K O HOH .
VDWCONT 3.2253 3.22 0.0053 1AXC.cif K O HOH . C C GLU 109
VDWCONT 3.2256 3.22 0.0056 1AXC.cif C C PRO 140 I O HOH .
VDWCONT 3.2256 3.22 0.0056 1AXC.cif I O HOH . C C PRO 140
VDWCONT 3.2258 3.22 0.0058 1AXC.cif F C ASP 11 F O THR 10
VDWCONT 3.2258 3.22 0.0058 1AXC.cif F O THR 10 F C ASP 11
VDWCONT 3.2261 3.22 0.0061 1AXC.cif A C GLN 125 A O GLN 125
VDWCONT 3.2261 3.22 0.0061 1AXC.cif A O GLN 125 A C GLN 125
VDWCONT 3.2262 3.22 0.0062 1AXC.cif E C HIS 246 E O GLU 238
VDWCONT 3.2262 3.22 0.0062 1AXC.cif E O GLU 238 E C HIS 246
VDWCONT 3.226 3.22 0.006 1AXC.cif A C LEU 126 B O HIS 14
VDWCONT 3.226 3.22 0.006 1AXC.cif B O HIS 14 A C LEU 126
VDWCONT 3.2265 3.22 0.0065 1AXC.cif C C LEU 66 C O LEU 66
VDWCONT 3.2265 3.22 0.0065 1AXC.cif C O LEU 66 C C LEU 66
VDWCONT 3.2269 3.22 0.0069 1AXC.cif C C LYS 164 C O ILE 197
VDWCONT 3.2269 3.22 0.0069 1AXC.cif C O ILE 197 C C LYS 164
VDWCONT 3.2271 3.22 0.0071 1AXC.cif E C PRO 129 E O PRO 129
VDWCONT 3.2271 3.22 0.0071 1AXC.cif E O PRO 129 E C PRO 129
VDWCONT 3.227 3.22 0.007 1AXC.cif E C SER 134 E O SER 134
VDWCONT 3.227 3.22 0.007 1AXC.cif E O SER 134 E C SER 134
VDWCONT 3.2274 3.22 0.0074 1AXC.cif A C SER 170 A O SER 170
VDWCONT 3.2274 3.22 0.0074 1AXC.cif A O SER 170 A C SER 170
VDWCONT 3.2275 3.22 0.0075 1AXC.cif F C THR 10 F O THR 10
VDWCONT 3.2275 3.22 0.0075 1AXC.cif F O THR 10 F C THR 10
VDWCONT 3.2276 3.22 0.0076 1AXC.cif C C ALA 96 I O HOH .
VDWCONT 3.2276 3.22 0.0076 1AXC.cif I O HOH . C C ALA 96
VDWCONT 3.2277 3.22 0.0077 1AXC.cif A C VAL 158 A O SER 170
VDWCONT 3.2277 3.22 0.0077 1AXC.cif A O SER 170 A C VAL 158
VDWCONT 3.2278 3.22 0.0078 1AXC.cif E C ALA 145 K O HOH .
VDWCONT 3.2278 3.22 0.0078 1AXC.cif E C ARG 210 E O ARG 210
VDWCONT 3.2278 3.22 0.0078 1AXC.cif E C VAL 45 E O TYR 211
VDWCONT 3.2278 3.22 0.0078 1AXC.cif E O ARG 210 E C ARG 210
VDWCONT 3.2278 3.22 0.0078 1AXC.cif E O TYR 211 E C VAL 45
VDWCONT 3.2278 3.22 0.0078 1AXC.cif K O HOH . E C ALA 145
VDWCONT 3.2281 3.22 0.0081 1AXC.cif C C GLN 8 C O VAL 7
VDWCONT 3.2281 3.22 0.0081 1AXC.cif C O VAL 7 C C GLN 8
VDWCONT 3.2283 3.22 0.0083 1AXC.cif C C SER 76 C O SER 76
VDWCONT 3.2283 3.22 0.0083 1AXC.cif C O SER 76 C C SER 76
VDWCONT 3.2283 3.22 0.0083 1AXC.cif E C PHE 214 K O HOH .
VDWCONT 3.2283 3.22 0.0083 1AXC.cif K O HOH . E C PHE 214
VDWCONT 3.2287 3.22 0.0087 1AXC.cif D C SER 15 D O SER 15
VDWCONT 3.2287 3.22 0.0087 1AXC.cif D O SER 15 D C SER 15
VDWCONT 3.2292 3.22 0.0092 1AXC.cif E C ILE 154 E O ILE 154
VDWCONT 3.2292 3.22 0.0092 1AXC.cif E O ILE 154 E C ILE 154
VDWCONT 3.2295 3.22 0.0095 1AXC.cif A C PRO 253 A O PRO 253
VDWCONT 3.2295 3.22 0.0095 1AXC.cif A O PRO 253 A C PRO 253
VDWCONT 3.2297 3.22 0.0097 1AXC.cif A C ILE 154 A O ILE 154
VDWCONT 3.2297 3.22 0.0097 1AXC.cif A O ILE 154 A C ILE 154
VDWCONT 3.2297 3.22 0.0097 1AXC.cif E C VAL 7 E O VAL 7
VDWCONT 3.2297 3.22 0.0097 1AXC.cif E O VAL 7 E C VAL 7
VDWCONT 3.2402 3.25 -0.0097 1AXC.cif E C GLY 245 E N ARG 53
VDWCONT 3.2402 3.25 -0.0097 1AXC.cif E N ARG 53 E C GLY 245
VDWCONT 3.2404 3.25 -0.0095 1AXC.cif E C ASP 41 E N SER 43
VDWCONT 3.2404 3.25 -0.0095 1AXC.cif E N SER 43 E C ASP 41
VDWCONT 3.2405 3.25 -0.0094 1AXC.cif C C LYS 248 C N TYR 249
VDWCONT 3.2405 3.25 -0.0094 1AXC.cif C N TYR 249 C C LYS 248
VDWCONT 3.2407 3.25 -0.0092 1AXC.cif E C SER 222 E N THR 224
VDWCONT 3.2407 3.25 -0.0092 1AXC.cif E N THR 224 E C SER 222
VDWCONT 3.2409 3.25 -0.009 1AXC.cif C C GLU 143 C N ALA 145
VDWCONT 3.2409 3.25 -0.009 1AXC.cif C N ALA 145 C C GLU 143
VDWCONT 3.241 3.25 -0.0089 1AXC.cif D C LEU 19 D N LEU 19
VDWCONT 3.241 3.25 -0.0089 1AXC.cif D N LEU 19 D C LEU 19
VDWCONT 3.2414 3.25 -0.0085 1AXC.cif C C GLN 125 C N LEU 126
VDWCONT 3.2414 3.25 -0.0085 1AXC.cif C N LEU 126 C C GLN 125
VDWCONT 3.2414 3.25 -0.0085 1AXC.cif E C HIS 44 E N HIS 44
VDWCONT 3.2414 3.25 -0.0085 1AXC.cif E C VAL 48 E N GLN 49
VDWCONT 3.2414 3.25 -0.0085 1AXC.cif E N GLN 49 E C VAL 48
VDWCONT 3.2414 3.25 -0.0085 1AXC.cif E N HIS 44 E C HIS 44
VDWCONT 3.2415 3.25 -0.0084 1AXC.cif E C PHE 103 E N PHE 103
VDWCONT 3.2415 3.25 -0.0084 1AXC.cif E N PHE 103 E C PHE 103
VDWCONT 3.2416 3.25 -0.0083 1AXC.cif A C ILE 88 A N THR 89
VDWCONT 3.2416 3.25 -0.0083 1AXC.cif A N THR 89 A C ILE 88
VDWCONT 3.2424 3.25 -0.0075 1AXC.cif C C SER 230 C N ALA 231
VDWCONT 3.2424 3.25 -0.0075 1AXC.cif C N ALA 231 C C SER 230
VDWCONT 3.2431 3.25 -0.0068 1AXC.cif D C THR 10 D N PHE 12
VDWCONT 3.2431 3.25 -0.0068 1AXC.cif D N PHE 12 D C THR 10
VDWCONT 3.2431 3.25 -0.0068 1AXC.cif E C PRO 106 E N GLN 108
VDWCONT 3.2431 3.25 -0.0068 1AXC.cif E N GLN 108 E C PRO 106
VDWCONT 3.2436 3.25 -0.0063 1AXC.cif A C LEU 209 A N LEU 209
VDWCONT 3.2436 3.25 -0.0063 1AXC.cif A C MET 75 A N SER 76
VDWCONT 3.2436 3.25 -0.0063 1AXC.cif A N LEU 209 A C LEU 209
VDWCONT 3.2436 3.25 -0.0063 1AXC.cif A N SER 76 A C MET 75
VDWCONT 3.2436 3.25 -0.0063 1AXC.cif C C SER 10 C N ILE 11
VDWCONT 3.2436 3.25 -0.0063 1AXC.cif C N ILE 11 C C SER 10
VDWCONT 3.2437 3.25 -0.0062 1AXC.cif C C SER 141 C N GLY 142
VDWCONT 3.2437 3.25 -0.0062 1AXC.cif C N GLY 142 C C SER 141
VDWCONT 3.244 3.25 -0.0059 1AXC.cif B C LEU 19 B N LEU 19
VDWCONT 3.244 3.25 -0.0059 1AXC.cif B N LEU 19 B C LEU 19
VDWCONT 3.2452 3.25 -0.0047 1AXC.cif E C PHE 2 E N GLU 3
VDWCONT 3.2452 3.25 -0.0047 1AXC.cif E N GLU 3 E C PHE 2
VDWCONT 3.245 3.25 -0.0049 1AXC.cif A C LEU 212 A N ASN 213
VDWCONT 3.245 3.25 -0.0049 1AXC.cif A N ASN 213 A C LEU 212
VDWCONT 3.2454 3.25 -0.0045 1AXC.cif C C PHE 57 C N PHE 57
VDWCONT 3.2454 3.25 -0.0045 1AXC.cif C N PHE 57 C C PHE 57
VDWCONT 3.2459 3.25 -0.004 1AXC.cif A C MET 40 A N MET 40
VDWCONT 3.2459 3.25 -0.004 1AXC.cif A N MET 40 A C MET 40
VDWCONT 3.2461 3.25 -0.0038 1AXC.cif C C ILE 87 C N ARG 5
VDWCONT 3.2461 3.25 -0.0038 1AXC.cif C N ARG 5 C C ILE 87
VDWCONT 3.2463 3.25 -0.0036 1AXC.cif A C SER 141 A N GLU 143
VDWCONT 3.2463 3.25 -0.0036 1AXC.cif A N GLU 143 A C SER 141
VDWCONT 3.2463 3.25 -0.0036 1AXC.cif E C GLU 192 E N ALA 194
VDWCONT 3.2463 3.25 -0.0036 1AXC.cif E N ALA 194 E C GLU 192
VDWCONT 3.2466 3.25 -0.0033 1AXC.cif A C ALA 92 A N GLU 93
VDWCONT 3.2466 3.25 -0.0033 1AXC.cif A N GLU 93 A C ALA 92
VDWCONT 3.2466 3.25 -0.0033 1AXC.cif F C ARG 17 F N ARG 18
VDWCONT 3.2466 3.25 -0.0033 1AXC.cif F N ARG 18 F C ARG 17
VDWCONT 3.2467 3.25 -0.0032 1AXC.cif E C LYS 217 E N LYS 217
VDWCONT 3.2467 3.25 -0.0032 1AXC.cif E N LYS 217 E C LYS 217
VDWCONT 3.247 3.25 -0.0029 1AXC.cif C C ALA 231 C N VAL 233
VDWCONT 3.247 3.25 -0.0029 1AXC.cif C N VAL 233 C C ALA 231
VDWCONT 3.2473 3.25 -0.0026 1AXC.cif A C GLU 191 A N GLU 193
VDWCONT 3.2473 3.25 -0.0026 1AXC.cif A N GLU 193 A C GLU 191
VDWCONT 3.2473 3.25 -0.0026 1AXC.cif C C PRO 129 C N GLU 130
VDWCONT 3.2473 3.25 -0.0026 1AXC.cif C N GLU 130 C C PRO 129
VDWCONT 3.2473 3.25 -0.0026 1AXC.cif E C VAL 188 E N ALA 194
VDWCONT 3.2473 3.25 -0.0026 1AXC.cif E N ALA 194 E C VAL 188
VDWCONT 3.2474 3.25 -0.0025 1AXC.cif A C MET 1 A N PHE 2
VDWCONT 3.2474 3.25 -0.0025 1AXC.cif A N PHE 2 A C MET 1
VDWCONT 3.2481 3.25 -0.0018 1AXC.cif E C SER 39 E N MET 40
VDWCONT 3.2481 3.25 -0.0018 1AXC.cif E N MET 40 E C SER 39
VDWCONT 3.248 3.25 -0.0019 1AXC.cif A C SER 32 A N SER 33
VDWCONT 3.248 3.25 -0.0019 1AXC.cif A N SER 33 A C SER 32
VDWCONT 3.2487 3.25 -0.0012 1AXC.cif C C LYS 13 C N ASN 84
VDWCONT 3.2487 3.25 -0.0012 1AXC.cif C N ASN 84 C C LYS 13
VDWCONT 3.2488 3.25 -0.0011 1AXC.cif E C GLU 238 E N LYS 240
VDWCONT 3.2488 3.25 -0.0011 1AXC.cif E N LYS 240 E C GLU 238
VDWCONT 3.2491 3.25 -0.0008 1AXC.cif A C VAL 70 A N ASN 71
VDWCONT 3.2491 3.25 -0.0008 1AXC.cif A N ASN 71 A C VAL 70
VDWCONT 3.2498 3.25 -0.0001 1AXC.cif C C SER 10 C N LEU 12
VDWCONT 3.2498 3.25 -0.0001 1AXC.cif C N LEU 12 C C SER 10
VDWCONT 3.2504 3.25 0.0004 1AXC.cif A C GLN 8 A N SER 10
VDWCONT 3.2504 3.25 0.0004 1AXC.cif A N SER 10 A C GLN 8
VDWCONT 3.2509 3.25 0.0009 1AXC.cif C C LYS 80 C N ALA 82
VDWCONT 3.2509 3.25 0.0009 1AXC.cif C N ALA 82 C C LYS 80
VDWCONT 3.2512 3.25 0.0012 1AXC.cif C C GLU 25 C N ALA 26
VDWCONT 3.2512 3.25 0.0012 1AXC.cif C N ALA 26 C C GLU 25
VDWCONT 3.251 3.25 0.001 1AXC.cif A C LYS 80 A N CYS 81
VDWCONT 3.251 3.25 0.001 1AXC.cif A N CYS 81 A C LYS 80
VDWCONT 3.251 3.25 0.001 1AXC.cif C C GLU 124 D N ARG 17
VDWCONT 3.251 3.25 0.001 1AXC.cif D N ARG 17 C C GLU 124
VDWCONT 3.2514 3.25 0.0014 1AXC.cif E C THR 206 E N PHE 207
VDWCONT 3.2514 3.25 0.0014 1AXC.cif E N PHE 207 E C THR 206
VDWCONT 3.2521 3.25 0.0021 1AXC.cif C C ILE 197 C N GLU 198
VDWCONT 3.2521 3.25 0.0021 1AXC.cif C N GLU 198 C C ILE 197
VDWCONT 3.2525 3.25 0.0025 1AXC.cif E C SER 32 E N SER 33
VDWCONT 3.2525 3.25 0.0025 1AXC.cif E N SER 33 E C SER 32
VDWCONT 3.2526 3.25 0.0026 1AXC.cif A C GLU 93 A N ASP 94
VDWCONT 3.2526 3.25 0.0026 1AXC.cif A N ASP 94 A C GLU 93
VDWCONT 3.2529 3.25 0.0029 1AXC.cif E C ALA 92 E N GLU 93
VDWCONT 3.2529 3.25 0.0029 1AXC.cif E N GLU 93 E C ALA 92
VDWCONT 3.2531 3.25 0.0031 1AXC.cif E C GLU 93 E N ASP 94
VDWCONT 3.2531 3.25 0.0031 1AXC.cif E N ASP 94 E C GLU 93
VDWCONT 3.25 3.25 0 1AXC.cif E C CYS 135 E N VAL 136
VDWCONT 3.25 3.25 0 1AXC.cif E N VAL 136 E C CYS 135
VDWCONT 3.253 3.25 0.003 1AXC.cif C C THR 196 C N ILE 197
VDWCONT 3.253 3.25 0.003 1AXC.cif C N ILE 197 C C THR 196
VDWCONT 3.2536 3.25 0.0036 1AXC.cif E C MET 244 E N MET 244
VDWCONT 3.2536 3.25 0.0036 1AXC.cif E N MET 244 E C MET 244
VDWCONT 3.2538 3.25 0.0038 1AXC.cif E C SER 54 E N GLU 55
VDWCONT 3.2538 3.25 0.0038 1AXC.cif E N GLU 55 E C SER 54
VDWCONT 3.2543 3.25 0.0043 1AXC.cif E C LEU 121 E N ASP 122
VDWCONT 3.2543 3.25 0.0043 1AXC.cif E N ASP 122 E C LEU 121
VDWCONT 3.2548 3.25 0.0048 1AXC.cif C C SER 134 C N CYS 135
VDWCONT 3.2548 3.25 0.0048 1AXC.cif C N CYS 135 C C SER 134
VDWCONT 3.2554 3.25 0.0054 1AXC.cif A C GLY 142 A N PHE 144
VDWCONT 3.2554 3.25 0.0054 1AXC.cif A N PHE 144 A C GLY 142
VDWCONT 3.2555 3.25 0.0055 1AXC.cif C C ALA 82 C N GLY 83
VDWCONT 3.2555 3.25 0.0055 1AXC.cif C N GLY 83 C C ALA 82
VDWCONT 3.2557 3.25 0.0057 1AXC.cif A C ASP 63 A N MET 1
VDWCONT 3.2557 3.25 0.0057 1AXC.cif A C GLU 85 A N GLU 85
VDWCONT 3.2557 3.25 0.0057 1AXC.cif A N GLU 85 A C GLU 85
VDWCONT 3.2557 3.25 0.0057 1AXC.cif A N MET 1 A C ASP 63
VDWCONT 3.2558 3.25 0.0058 1AXC.cif E C ARG 146 E N CYS 148
VDWCONT 3.2558 3.25 0.0058 1AXC.cif E N CYS 148 E C ARG 146
VDWCONT 3.2558 3.25 0.0058 1AXC.cif F C PHE 12 F N TYR 13
VDWCONT 3.2558 3.25 0.0058 1AXC.cif F N TYR 13 F C PHE 12
VDWCONT 3.2562 3.25 0.0062 1AXC.cif E C SER 170 E N ALA 171
VDWCONT 3.2562 3.25 0.0062 1AXC.cif E N ALA 171 E C SER 170
VDWCONT 3.2567 3.25 0.0067 1AXC.cif A C HIS 44 A N SER 46
VDWCONT 3.2567 3.25 0.0067 1AXC.cif A C LEU 12 A N LYS 13
VDWCONT 3.2567 3.25 0.0067 1AXC.cif A N LYS 13 A C LEU 12
VDWCONT 3.2567 3.25 0.0067 1AXC.cif A N SER 46 A C HIS 44
VDWCONT 3.2569 3.25 0.0069 1AXC.cif C C SER 183 C N GLN 184
VDWCONT 3.2569 3.25 0.0069 1AXC.cif C N GLN 184 C C SER 183
VDWCONT 3.2571 3.25 0.0071 1AXC.cif F C SER 15 F N LYS 16
VDWCONT 3.2571 3.25 0.0071 1AXC.cif F N LYS 16 F C SER 15
VDWCONT 3.257 3.25 0.007 1AXC.cif D C MET 9 D N THR 10
VDWCONT 3.257 3.25 0.007 1AXC.cif D N THR 10 D C MET 9
VDWCONT 3.2576 3.25 0.0076 1AXC.cif C C ASN 24 C N GLU 25
VDWCONT 3.2576 3.25 0.0076 1AXC.cif C N GLU 25 C C ASN 24
VDWCONT 3.2583 3.25 0.0083 1AXC.cif A C ARG 210 A N ARG 210
VDWCONT 3.2583 3.25 0.0083 1AXC.cif A N ARG 210 A C ARG 210
VDWCONT 3.2583 3.25 0.0083 1AXC.cif C C LEU 235 C N VAL 236
VDWCONT 3.2583 3.25 0.0083 1AXC.cif C N VAL 236 C C LEU 235
VDWCONT 3.2584 3.25 0.0084 1AXC.cif D C PHE 12 D N TYR 13
VDWCONT 3.2584 3.25 0.0084 1AXC.cif D N TYR 13 D C PHE 12
VDWCONT 3.2585 3.25 0.0085 1AXC.cif C C ASN 36 C N LEU 37
VDWCONT 3.2585 3.25 0.0085 1AXC.cif C C HIS 153 C N ILE 154
VDWCONT 3.2585 3.25 0.0085 1AXC.cif C N ILE 154 C C HIS 153
VDWCONT 3.2585 3.25 0.0085 1AXC.cif C N LEU 37 C C ASN 36
VDWCONT 3.2587 3.25 0.0087 1AXC.cif C C LEU 72 C N TRP 28
VDWCONT 3.2587 3.25 0.0087 1AXC.cif C N TRP 28 C C LEU 72
VDWCONT 3.2589 3.25 0.0089 1AXC.cif A C LYS 168 A N LYS 168
VDWCONT 3.2589 3.25 0.0089 1AXC.cif A N LYS 168 A C LYS 168
VDWCONT 3.2591 3.25 0.0091 1AXC.cif C C ILE 11 C N LYS 13
VDWCONT 3.2591 3.25 0.0091 1AXC.cif C N LYS 13 C C ILE 11
VDWCONT 3.2593 3.25 0.0093 1AXC.cif E C SER 42 E N HIS 44
VDWCONT 3.2593 3.25 0.0093 1AXC.cif E N HIS 44 E C SER 42
VDWCONT 3.2594 3.25 0.0094 1AXC.cif A C ASP 86 A N GLY 83
VDWCONT 3.2594 3.25 0.0094 1AXC.cif A N GLY 83 A C ASP 86
VDWCONT 3.2596 3.25 0.0096 1AXC.cif C C VAL 225 C N THR 226
VDWCONT 3.2596 3.25 0.0096 1AXC.cif C N THR 226 C C VAL 225
VDWCONT 3.2597 3.25 0.0097 1AXC.cif A C VAL 7 A N GLN 8
VDWCONT 3.2597 3.25 0.0097 1AXC.cif A N GLN 8 A C VAL 7
VDWCONT 3.2598 3.25 0.0098 1AXC.cif C C SER 172 C N GLY 173
VDWCONT 3.2598 3.25 0.0098 1AXC.cif C N GLY 173 C C SER 172
VDWCONT 3.3538 3.35 0.0038 1AXC.cif C N CYS 135 C S CYS 135
VDWCONT 3.3538 3.35 0.0038 1AXC.cif C S CYS 135 C N CYS 135
VDWCONT 3.3907 3.4 -0.0092 1AXC.cif A C LEU 205 A C THR 206
VDWCONT 3.3907 3.4 -0.0092 1AXC.cif A C THR 206 A C LEU 205
VDWCONT 3.3913 3.4 -0.0086 1AXC.cif A C ALA 4 A C TYR 60
VDWCONT 3.3913 3.4 -0.0086 1AXC.cif A C TYR 60 A C ALA 4
VDWCONT 3.391 3.4 -0.0089 1AXC.cif F C LYS 16 F C SER 15
VDWCONT 3.391 3.4 -0.0089 1AXC.cif F C SER 15 F C LYS 16
VDWCONT 3.3915 3.4 -0.0084 1AXC.cif C C GLU 192 C C GLU 192
VDWCONT 3.3915 3.4 -0.0084 1AXC.cif C C GLU 192 C C GLU 192
VDWCONT 3.3916 3.4 -0.0083 1AXC.cif C C LEU 182 C C LYS 181
VDWCONT 3.3916 3.4 -0.0083 1AXC.cif C C LYS 181 C C LEU 182
VDWCONT 3.3922 3.4 -0.0077 1AXC.cif C C LEU 37 C C LEU 37
VDWCONT 3.3922 3.4 -0.0077 1AXC.cif C C LEU 37 C C LEU 37
VDWCONT 3.3922 3.4 -0.0077 1AXC.cif C C PHE 207 C C THR 206
VDWCONT 3.3922 3.4 -0.0077 1AXC.cif C C THR 206 C C PHE 207
VDWCONT 3.392 3.4 -0.0079 1AXC.cif B C ARG 17 B C ARG 18
VDWCONT 3.392 3.4 -0.0079 1AXC.cif B C ARG 18 B C ARG 17
VDWCONT 3.3926 3.4 -0.0073 1AXC.cif A C PRO 202 A C VAL 203
VDWCONT 3.3926 3.4 -0.0073 1AXC.cif A C VAL 203 A C PRO 202
VDWCONT 3.3926 3.4 -0.0073 1AXC.cif C C ALA 67 C C LEU 66
VDWCONT 3.3926 3.4 -0.0073 1AXC.cif C C LEU 66 C C ALA 67
VDWCONT 3.3935 3.4 -0.0064 1AXC.cif A C CYS 135 A C VAL 136
VDWCONT 3.3935 3.4 -0.0064 1AXC.cif A C TYR 60 A C TYR 60
VDWCONT 3.3935 3.4 -0.0064 1AXC.cif A C TYR 60 A C TYR 60
VDWCONT 3.3935 3.4 -0.0064 1AXC.cif A C VAL 136 A C CYS 135
VDWCONT 3.3938 3.4 -0.0061 1AXC.cif C C MET 40 C C SER 39
VDWCONT 3.3938 3.4 -0.0061 1AXC.cif C C SER 39 C C MET 40
VDWCONT 3.3942 3.4 -0.0057 1AXC.cif C C ALA 218 C C LYS 217
VDWCONT 3.3942 3.4 -0.0057 1AXC.cif C C LYS 217 C C ALA 218
VDWCONT 3.394 3.4 -0.0059 1AXC.cif B C HIS 14 B C HIS 14
VDWCONT 3.394 3.4 -0.0059 1AXC.cif B C HIS 14 B C HIS 14
VDWCONT 3.3948 3.4 -0.0051 1AXC.cif C C LEU 205 C C PHE 207
VDWCONT 3.3948 3.4 -0.0051 1AXC.cif C C PHE 207 C C LEU 205
VDWCONT 3.3954 3.4 -0.0045 1AXC.cif C C ASP 97 C C THR 98
VDWCONT 3.3954 3.4 -0.0045 1AXC.cif C C THR 98 C C ASP 97
VDWCONT 3.3956 3.4 -0.0043 1AXC.cif A C SER 223 A C THR 224
VDWCONT 3.3956 3.4 -0.0043 1AXC.cif A C THR 224 A C SER 223
VDWCONT 3.3965 3.4 -0.0034 1AXC.cif A C LEU 52 A C THR 51
VDWCONT 3.3965 3.4 -0.0034 1AXC.cif A C THR 51 A C LEU 52
VDWCONT 3.3965 3.4 -0.0034 1AXC.cif C C VAL 136 C C VAL 137
VDWCONT 3.3965 3.4 -0.0034 1AXC.cif C C VAL 137 C C VAL 136
VDWCONT 3.3968 3.4 -0.0031 1AXC.cif A C ALA 100 A C LEU 101
VDWCONT 3.3968 3.4 -0.0031 1AXC.cif A C LEU 101 A C ALA 100
VDWCONT 3.3968 3.4 -0.0031 1AXC.cif E C GLU 104 E C PHE 103
VDWCONT 3.3968 3.4 -0.0031 1AXC.cif E C PHE 103 E C GLU 104
VDWCONT 3.3969 3.4 -0.003 1AXC.cif A C TYR 211 A C TYR 211
VDWCONT 3.3969 3.4 -0.003 1AXC.cif A C TYR 211 A C TYR 211
VDWCONT 3.3975 3.4 -0.0024 1AXC.cif C C LEU 66 C C PHE 2
VDWCONT 3.3975 3.4 -0.0024 1AXC.cif C C PHE 2 C C LEU 66
VDWCONT 3.3976 3.4 -0.0023 1AXC.cif C C HIS 44 C C MET 40
VDWCONT 3.3976 3.4 -0.0023 1AXC.cif C C MET 40 C C HIS 44
VDWCONT 3.3977 3.4 -0.0022 1AXC.cif E C ILE 78 E C MET 116
VDWCONT 3.3977 3.4 -0.0022 1AXC.cif E C MET 116 E C ILE 78
VDWCONT 3.3983 3.4 -0.0016 1AXC.cif A C LEU 251 A C TYR 250
VDWCONT 3.3983 3.4 -0.0016 1AXC.cif A C TYR 250 A C LEU 251
VDWCONT 3.3983 3.4 -0.0016 1AXC.cif B C HIS 14 B C SER 15
VDWCONT 3.3983 3.4 -0.0016 1AXC.cif B C SER 15 B C HIS 14
VDWCONT 3.398 3.4 -0.0019 1AXC.cif A C ARG 5 A C THR 59
VDWCONT 3.398 3.4 -0.0019 1AXC.cif A C THR 59 A C ARG 5
VDWCONT 3.3985 3.4 -0.0014 1AXC.cif A C GLU 238 A C TYR 239
VDWCONT 3.3985 3.4 -0.0014 1AXC.cif A C TYR 239 A C GLU 238
VDWCONT 3.3985 3.4 -0.0014 1AXC.cif C C ILE 197 C C THR 196
VDWCONT 3.3985 3.4 -0.0014 1AXC.cif C C THR 196 C C ILE 197
VDWCONT 3.3987 3.4 -0.0012 1AXC.cif A C ILE 23 A C LEU 72
VDWCONT 3.3987 3.4 -0.0012 1AXC.cif A C LEU 72 A C ILE 23
VDWCONT 3.3987 3.4 -0.0012 1AXC.cif E C ALA 96 E C ASP 97
VDWCONT 3.3987 3.4 -0.0012 1AXC.cif E C ASP 97 E C ALA 96
VDWCONT 3.3988 3.4 -0.0011 1AXC.cif A C LEU 205 A C PHE 207
VDWCONT 3.3988 3.4 -0.0011 1AXC.cif A C PHE 207 A C LEU 205
VDWCONT 3.3992 3.4 -0.0007 1AXC.cif C C ILE 241 C C MET 244
VDWCONT 3.3992 3.4 -0.0007 1AXC.cif C C MET 244 C C ILE 241
VDWCONT 3.3992 3.4 -0.0007 1AXC.cif E C GLU 109 E C LYS 110
VDWCONT 3.3992 3.4 -0.0007 1AXC.cif E C LYS 110 E C GLU 109
VDWCONT 3.399 3.4 -0.0009 1AXC.cif C C GLU 124 C C VAL 123
VDWCONT 3.399 3.4 -0.0009 1AXC.cif C C VAL 123 C C GLU 124
VDWCONT 3.3996 3.4 -0.0003 1AXC.cif E C TYR 211 E C VAL 45
VDWCONT 3.3996 3.4 -0.0003 1AXC.cif E C VAL 45 E C TYR 211
VDWCONT 3.4001 3.4 0.0001 1AXC.cif A C ASN 36 A C VAL 35
VDWCONT 3.4001 3.4 0.0001 1AXC.cif A C VAL 35 A C ASN 36
VDWCONT 3.4004 3.4 0.0004 1AXC.cif A C CYS 135 A C VAL 136
VDWCONT 3.4004 3.4 0.0004 1AXC.cif A C VAL 136 A C CYS 135
VDWCONT 3.4007 3.4 0.0007 1AXC.cif C C LYS 168 C C PHE 169
VDWCONT 3.4007 3.4 0.0007 1AXC.cif C C PHE 169 C C LYS 168
VDWCONT 3.4012 3.4 0.0012 1AXC.cif A C ASP 113 A C TYR 114
VDWCONT 3.4012 3.4 0.0012 1AXC.cif A C TYR 114 A C ASP 113
VDWCONT 3.4013 3.4 0.0013 1AXC.cif E C GLU 198 E C MET 199
VDWCONT 3.4013 3.4 0.0013 1AXC.cif E C MET 199 E C GLU 198
VDWCONT 3.4018 3.4 0.0018 1AXC.cif E C GLY 127 E C ILE 128
VDWCONT 3.4018 3.4 0.0018 1AXC.cif E C ILE 128 E C GLY 127
VDWCONT 3.4022 3.4 0.0022 1AXC.cif A C SER 223 A C THR 224
VDWCONT 3.4022 3.4 0.0022 1AXC.cif A C THR 224 A C SER 223
VDWCONT 3.4022 3.4 0.0022 1AXC.cif C C GLU 109 C C LYS 110
VDWCONT 3.4022 3.4 0.0022 1AXC.cif C C LYS 110 C C GLU 109
VDWCONT 3.402 3.4 0.002 1AXC.cif C C MET 40 D C THR 10
VDWCONT 3.402 3.4 0.002 1AXC.cif D C THR 10 C C MET 40
VDWCONT 3.4024 3.4 0.0024 1AXC.cif C C ALA 4 C C PHE 2
VDWCONT 3.4024 3.4 0.0024 1AXC.cif C C PHE 2 C C ALA 4
VDWCONT 3.4025 3.4 0.0025 1AXC.cif A C LEU 37 A C LEU 37
VDWCONT 3.4025 3.4 0.0025 1AXC.cif A C LEU 37 A C LEU 37
VDWCONT 3.4029 3.4 0.0029 1AXC.cif F C ILE 20 F C PHE 21
VDWCONT 3.4029 3.4 0.0029 1AXC.cif F C PHE 21 F C ILE 20
VDWCONT 3.4037 3.4 0.0037 1AXC.cif E C TYR 249 E C TYR 249
VDWCONT 3.4037 3.4 0.0037 1AXC.cif E C TYR 249 E C TYR 249
VDWCONT 3.4038 3.4 0.0038 1AXC.cif A C PHE 207 A C THR 206
VDWCONT 3.4038 3.4 0.0038 1AXC.cif A C THR 206 A C PHE 207
VDWCONT 3.4044 3.4 0.0044 1AXC.cif E C GLN 204 E C LEU 205
VDWCONT 3.4044 3.4 0.0044 1AXC.cif E C LEU 205 E C GLN 204
VDWCONT 3.4049 3.4 0.0049 1AXC.cif E C ASN 84 E C GLU 85
VDWCONT 3.4049 3.4 0.0049 1AXC.cif E C GLU 85 E C ASN 84
VDWCONT 3.4051 3.4 0.0051 1AXC.cif C C MET 229 C C SER 228
VDWCONT 3.4051 3.4 0.0051 1AXC.cif C C SER 228 C C MET 229
VDWCONT 3.4054 3.4 0.0054 1AXC.cif E C PHE 103 E C TYR 114
VDWCONT 3.4054 3.4 0.0054 1AXC.cif E C TYR 114 E C PHE 103
VDWCONT 3.4056 3.4 0.0056 1AXC.cif C C GLY 127 C C ILE 128
VDWCONT 3.4056 3.4 0.0056 1AXC.cif C C ILE 128 C C GLY 127
VDWCONT 3.4056 3.4 0.0056 1AXC.cif E C PHE 57 E C PHE 57
VDWCONT 3.4056 3.4 0.0056 1AXC.cif E C PHE 57 E C PHE 57
VDWCONT 3.4057 3.4 0.0057 1AXC.cif C C TYR 60 C C TYR 60
VDWCONT 3.4057 3.4 0.0057 1AXC.cif C C TYR 60 C C TYR 60
VDWCONT 3.4059 3.4 0.0059 1AXC.cif E C LEU 52 E C THR 51
VDWCONT 3.4059 3.4 0.0059 1AXC.cif E C THR 51 E C LEU 52
VDWCONT 3.4061 3.4 0.0061 1AXC.cif C C LEU 126 D C SER 15
VDWCONT 3.4061 3.4 0.0061 1AXC.cif D C SER 15 C C LEU 126
VDWCONT 3.4063 3.4 0.0063 1AXC.cif C C ILE 23 C C LEU 72
VDWCONT 3.4063 3.4 0.0063 1AXC.cif C C LEU 72 C C ILE 23
VDWCONT 3.4064 3.4 0.0064 1AXC.cif C C LYS 168 C C VAL 167
VDWCONT 3.4064 3.4 0.0064 1AXC.cif C C VAL 167 C C LYS 168
VDWCONT 3.4068 3.4 0.0068 1AXC.cif C C TYR 249 C C TYR 249
VDWCONT 3.4068 3.4 0.0068 1AXC.cif C C TYR 249 C C TYR 249
VDWCONT 3.4075 3.4 0.0075 1AXC.cif A C ALA 96 A C ASN 95
VDWCONT 3.4075 3.4 0.0075 1AXC.cif A C ASN 95 A C ALA 96
VDWCONT 3.4078 3.4 0.0078 1AXC.cif E C GLY 34 E C VAL 35
VDWCONT 3.4078 3.4 0.0078 1AXC.cif E C VAL 35 E C GLY 34
VDWCONT 3.408 3.4 0.008 1AXC.cif A C LEU 175 A C LEU 175
VDWCONT 3.408 3.4 0.008 1AXC.cif A C LEU 175 A C LEU 175
VDWCONT 3.4089 3.4 0.0089 1AXC.cif C C ALA 18 C C LEU 19
VDWCONT 3.4089 3.4 0.0089 1AXC.cif C C GLU 238 C C TYR 239
VDWCONT 3.4089 3.4 0.0089 1AXC.cif C C LEU 19 C C ALA 18
VDWCONT 3.4089 3.4 0.0089 1AXC.cif C C TYR 239 C C GLU 238
VDWCONT 3.4089 3.4 0.0089 1AXC.cif E C ALA 4 E C GLU 3
VDWCONT 3.4089 3.4 0.0089 1AXC.cif E C GLU 3 E C ALA 4
VDWCONT 3.4089 3.4 0.0089 1AXC.cif E C LEU 52 E C MET 244
VDWCONT 3.4089 3.4 0.0089 1AXC.cif E C MET 244 E C LEU 52
VDWCONT 3.4091 3.4 0.0091 1AXC.cif A C GLY 166 A C VAL 167
VDWCONT 3.4091 3.4 0.0091 1AXC.cif A C VAL 167 A C GLY 166
VDWCONT 3.4091 3.4 0.0091 1AXC.cif C C PRO 106 C C PRO 106
VDWCONT 3.4091 3.4 0.0091 1AXC.cif C C PRO 106 C C PRO 106
VDWCONT 3.4092 3.4 0.0092 1AXC.cif E C VAL 136 E C VAL 137
VDWCONT 3.4092 3.4 0.0092 1AXC.cif E C VAL 137 E C VAL 136
VDWCONT 3.409 3.4 0.009 1AXC.cif E C GLU 198 E C ILE 197
VDWCONT 3.409 3.4 0.009 1AXC.cif E C ILE 197 E C GLU 198
VDWCONT 3.4099 3.4 0.0099 1AXC.cif A C LEU 37 A C TRP 28
VDWCONT 3.4099 3.4 0.0099 1AXC.cif A C TRP 28 A C LEU 37
VDWCONT 3.4959 3.5 -0.004 1AXC.cif C C GLY 56 C S MET 244
VDWCONT 3.4959 3.5 -0.004 1AXC.cif C S MET 244 C C GLY 56
VDWCONT 3.4993 3.5 -0.0006 1AXC.cif A C SER 134 A S CYS 135
VDWCONT 3.4993 3.5 -0.0006 1AXC.cif A S CYS 135 A C SER 134
VDWCONT 3.5084 3.5 0.0084 1AXC.cif C C MET 75 C S MET 116
VDWCONT 3.5084 3.5 0.0084 1AXC.cif C S MET 116 C C MET 75
