VDWCONT 3.032 3.04 -0.0079 1A26.cif A O ASP 147 C O HOH .
VDWCONT 3.032 3.04 -0.0079 1A26.cif C O HOH . A O ASP 147
VDWCONT 3.0347 3.04 -0.0052 1A26.cif A O ASP 117 C O HOH .
VDWCONT 3.0347 3.04 -0.0052 1A26.cif C O HOH . A O ASP 117
VDWCONT 3.036 3.04 -0.0039 1A26.cif C O HOH . C O HOH .
VDWCONT 3.036 3.04 -0.0039 1A26.cif C O HOH . C O HOH .
VDWCONT 3.0365 3.04 -0.0034 1A26.cif A O ASP 25 A O SER 28
VDWCONT 3.0365 3.04 -0.0034 1A26.cif A O SER 28 A O ASP 25
VDWCONT 3.0412 3.04 0.0012 1A26.cif A O GLY 223 C O HOH .
VDWCONT 3.0412 3.04 0.0012 1A26.cif C O HOH . A O GLY 223
VDWCONT 3.0445 3.04 0.0045 1A26.cif A O TYR 104 A O TYR 84
VDWCONT 3.0445 3.04 0.0045 1A26.cif A O TYR 84 A O TYR 104
VDWCONT 3.0463 3.04 0.0063 1A26.cif A O LEU 224 C O HOH .
VDWCONT 3.0463 3.04 0.0063 1A26.cif C O HOH . A O LEU 224
VDWCONT 3.047 3.04 0.007 1A26.cif B O CNA . B O CNA .
VDWCONT 3.047 3.04 0.007 1A26.cif B O CNA . B O CNA .
VDWCONT 3.0481 3.04 0.0081 1A26.cif A O GLY 71 A O SER 72
VDWCONT 3.0481 3.04 0.0081 1A26.cif A O SER 72 A O GLY 71
VDWCONT 3.0602 3.07 -0.0097 1A26.cif A N LYS 108 A O ILE 105
VDWCONT 3.0602 3.07 -0.0097 1A26.cif A O ILE 105 A N LYS 108
VDWCONT 3.0603 3.07 -0.0096 1A26.cif A N THR 306 A O THR 306
VDWCONT 3.0603 3.07 -0.0096 1A26.cif A O THR 306 A N THR 306
VDWCONT 3.0604 3.07 -0.0095 1A26.cif A N ASP 113 A O GLN 110
VDWCONT 3.0604 3.07 -0.0095 1A26.cif A O GLN 110 A N ASP 113
VDWCONT 3.063 3.07 -0.0069 1A26.cif A N VAL 34 A O LYS 31
VDWCONT 3.063 3.07 -0.0069 1A26.cif A O LYS 31 A N VAL 34
VDWCONT 3.0648 3.07 -0.0051 1A26.cif A N PHE 354 A O PRO 262
VDWCONT 3.0648 3.07 -0.0051 1A26.cif A O PRO 262 A N PHE 354
VDWCONT 3.0658 3.07 -0.0041 1A26.cif A N ILE 16 A O LYS 14
VDWCONT 3.0658 3.07 -0.0041 1A26.cif A O LYS 14 A N ILE 16
VDWCONT 3.0672 3.07 -0.0027 1A26.cif A N LYS 296 A O TYR 277
VDWCONT 3.0672 3.07 -0.0027 1A26.cif A O TYR 277 A N LYS 296
VDWCONT 3.0677 3.07 -0.0022 1A26.cif A N SER 68 A O GLN 64
VDWCONT 3.0677 3.07 -0.0022 1A26.cif A O GLN 64 A N SER 68
VDWCONT 3.0685 3.07 -0.0014 1A26.cif A N PHE 198 A O LYS 196
VDWCONT 3.0685 3.07 -0.0014 1A26.cif A O LYS 196 A N PHE 198
VDWCONT 3.0691 3.07 -0.0008 1A26.cif A N CYS 255 A O ALA 252
VDWCONT 3.0691 3.07 -0.0008 1A26.cif A O ALA 252 A N CYS 255
VDWCONT 3.0694 3.07 -0.0005 1A26.cif A N SER 249 A O MET 247
VDWCONT 3.0694 3.07 -0.0005 1A26.cif A O MET 247 A N SER 249
VDWCONT 3.0698 3.07 -0.0001 1A26.cif A N ALA 56 A O GLN 52
VDWCONT 3.0698 3.07 -0.0001 1A26.cif A O GLN 52 A N ALA 56
VDWCONT 3.071 3.07 0.001 1A26.cif A N ASP 261 A O SER 258
VDWCONT 3.071 3.07 0.001 1A26.cif A O SER 258 A N ASP 261
VDWCONT 3.0724 3.07 0.0024 1A26.cif A N SER 55 A O ARG 51
VDWCONT 3.0724 3.07 0.0024 1A26.cif A O ARG 51 A N SER 55
VDWCONT 3.0726 3.07 0.0026 1A26.cif A N MET 247 A O ASP 246
VDWCONT 3.0726 3.07 0.0026 1A26.cif A O ASP 246 A N MET 247
VDWCONT 3.07 3.07 0 1A26.cif A N GLY 92 A O ASP 90
VDWCONT 3.07 3.07 0 1A26.cif A O ASP 90 A N GLY 92
VDWCONT 3.0735 3.07 0.0035 1A26.cif A N GLN 222 A O SER 221
VDWCONT 3.0735 3.07 0.0035 1A26.cif A O SER 221 A N GLN 222
VDWCONT 3.0737 3.07 0.0037 1A26.cif A N ALA 342 A O ASP 340
VDWCONT 3.0737 3.07 0.0037 1A26.cif A O ASP 340 A N ALA 342
VDWCONT 3.0761 3.07 0.0061 1A26.cif A N LYS 21 A O GLN 17
VDWCONT 3.0761 3.07 0.0061 1A26.cif A O GLN 17 A N LYS 21
VDWCONT 3.0776 3.07 0.0076 1A26.cif A N LYS 300 A O LEU 332
VDWCONT 3.0776 3.07 0.0076 1A26.cif A O LEU 332 A N LYS 300
VDWCONT 3.0786 3.07 0.0086 1A26.cif A N PHE 24 A O ILE 20
VDWCONT 3.0786 3.07 0.0086 1A26.cif A O ILE 20 A N PHE 24
VDWCONT 3.0788 3.07 0.0088 1A26.cif A N LYS 108 A O TYR 104
VDWCONT 3.0788 3.07 0.0088 1A26.cif A O TYR 104 A N LYS 108
VDWCONT 3.2102 3.22 -0.0097 1A26.cif A C ASP 131 A O ASP 131
VDWCONT 3.2102 3.22 -0.0097 1A26.cif A O ASP 131 A C ASP 131
VDWCONT 3.2104 3.22 -0.0095 1A26.cif A C LEU 201 A O LEU 201
VDWCONT 3.2104 3.22 -0.0095 1A26.cif A O LEU 201 A C LEU 201
VDWCONT 3.211 3.22 -0.0089 1A26.cif A C VAL 248 A O VAL 165
VDWCONT 3.211 3.22 -0.0089 1A26.cif A O VAL 165 A C VAL 248
VDWCONT 3.2123 3.22 -0.0076 1A26.cif A C GLN 41 A O GLN 41
VDWCONT 3.2123 3.22 -0.0076 1A26.cif A O GLN 41 A C GLN 41
VDWCONT 3.2124 3.22 -0.0075 1A26.cif A C ASN 114 A O ASN 114
VDWCONT 3.2124 3.22 -0.0075 1A26.cif A O ASN 114 A C ASN 114
VDWCONT 3.2127 3.22 -0.0072 1A26.cif A C ILE 16 A O PRO 15
VDWCONT 3.2127 3.22 -0.0072 1A26.cif A O PRO 15 A C ILE 16
VDWCONT 3.2138 3.22 -0.0061 1A26.cif A C LEU 318 A O GLY 319
VDWCONT 3.2138 3.22 -0.0061 1A26.cif A O GLY 319 A C LEU 318
VDWCONT 3.2139 3.22 -0.006 1A26.cif A C ASP 135 A O ASP 135
VDWCONT 3.2139 3.22 -0.006 1A26.cif A O ASP 135 A C ASP 135
VDWCONT 3.214 3.22 -0.0059 1A26.cif A C ASN 114 A O ASP 113
VDWCONT 3.214 3.22 -0.0059 1A26.cif A C ASP 135 C O HOH .
VDWCONT 3.214 3.22 -0.0059 1A26.cif A C GLY 223 A O LEU 224
VDWCONT 3.214 3.22 -0.0059 1A26.cif A O ASP 113 A C ASN 114
VDWCONT 3.214 3.22 -0.0059 1A26.cif A O LEU 224 A C GLY 223
VDWCONT 3.214 3.22 -0.0059 1A26.cif C O HOH . A C ASP 135
VDWCONT 3.2154 3.22 -0.0045 1A26.cif A C GLN 200 A O LEU 201
VDWCONT 3.2154 3.22 -0.0045 1A26.cif A O LEU 201 A C GLN 200
VDWCONT 3.2155 3.22 -0.0044 1A26.cif A C SER 249 A O SER 249
VDWCONT 3.2155 3.22 -0.0044 1A26.cif A C TYR 84 A O TYR 84
VDWCONT 3.2155 3.22 -0.0044 1A26.cif A O SER 249 A C SER 249
VDWCONT 3.2155 3.22 -0.0044 1A26.cif A O TYR 84 A C TYR 84
VDWCONT 3.2157 3.22 -0.0042 1A26.cif A C GLY 71 A O GLY 70
VDWCONT 3.2157 3.22 -0.0042 1A26.cif A O GLY 70 A C GLY 71
VDWCONT 3.2158 3.22 -0.0041 1A26.cif A C ILE 285 A O SER 283
VDWCONT 3.2158 3.22 -0.0041 1A26.cif A O SER 283 A C ILE 285
VDWCONT 3.2161 3.22 -0.0038 1A26.cif A C LEU 45 C O HOH .
VDWCONT 3.2161 3.22 -0.0038 1A26.cif C O HOH . A C LEU 45
VDWCONT 3.2166 3.22 -0.0033 1A26.cif A C ASP 304 A O THR 306
VDWCONT 3.2166 3.22 -0.0033 1A26.cif A O THR 306 A C ASP 304
VDWCONT 3.2167 3.22 -0.0032 1A26.cif A C MET 237 A O MET 237
VDWCONT 3.2167 3.22 -0.0032 1A26.cif A O MET 237 A C MET 237
VDWCONT 3.2174 3.22 -0.0025 1A26.cif A C VAL 120 A O VAL 120
VDWCONT 3.2174 3.22 -0.0025 1A26.cif A O VAL 120 A C VAL 120
VDWCONT 3.2178 3.22 -0.0021 1A26.cif A C GLY 319 A O ASN 320
VDWCONT 3.2178 3.22 -0.0021 1A26.cif A O ASN 320 A C GLY 319
VDWCONT 3.218 3.22 -0.0019 1A26.cif A C HIS 293 A O LEU 273
VDWCONT 3.218 3.22 -0.0019 1A26.cif A C VAL 67 A O VAL 67
VDWCONT 3.218 3.22 -0.0019 1A26.cif A O LEU 273 A C HIS 293
VDWCONT 3.218 3.22 -0.0019 1A26.cif A O VAL 67 A C VAL 67
VDWCONT 3.2184 3.22 -0.0015 1A26.cif A C THR 85 A O THR 85
VDWCONT 3.2184 3.22 -0.0015 1A26.cif A O THR 85 A C THR 85
VDWCONT 3.2185 3.22 -0.0014 1A26.cif A C TYR 164 A O LEU 206
VDWCONT 3.2185 3.22 -0.0014 1A26.cif A O LEU 206 A C TYR 164
VDWCONT 3.2188 3.22 -0.0011 1A26.cif A C LYS 357 A O LYS 357
VDWCONT 3.2188 3.22 -0.0011 1A26.cif A O LYS 357 A C LYS 357
VDWCONT 3.2196 3.22 -0.0003 1A26.cif A C ALA 260 A O ALA 260
VDWCONT 3.2196 3.22 -0.0003 1A26.cif A O ALA 260 A C ALA 260
VDWCONT 3.2201 3.22 0.0001 1A26.cif A C ALA 66 A O ALA 66
VDWCONT 3.2201 3.22 0.0001 1A26.cif A O ALA 66 A C ALA 66
VDWCONT 3.2205 3.22 0.0005 1A26.cif A C ILE 139 A O ASP 135
VDWCONT 3.2205 3.22 0.0005 1A26.cif A O ASP 135 A C ILE 139
VDWCONT 3.2219 3.22 0.0019 1A26.cif A C TYR 348 A O TYR 348
VDWCONT 3.2219 3.22 0.0019 1A26.cif A O TYR 348 A C TYR 348
VDWCONT 3.2221 3.22 0.0021 1A26.cif A C PRO 305 A O ASP 304
VDWCONT 3.2221 3.22 0.0021 1A26.cif A O ASP 304 A C PRO 305
VDWCONT 3.2226 3.22 0.0026 1A26.cif A C ASP 312 A O ASP 312
VDWCONT 3.2226 3.22 0.0026 1A26.cif A O ASP 312 A C ASP 312
VDWCONT 3.22 3.22 0 1A26.cif A C TYR 195 A O GLU 270
VDWCONT 3.22 3.22 0 1A26.cif A O GLU 270 A C TYR 195
VDWCONT 3.2242 3.22 0.0042 1A26.cif A C ILE 59 A O ILE 59
VDWCONT 3.2242 3.22 0.0042 1A26.cif A C THR 286 A O THR 286
VDWCONT 3.2242 3.22 0.0042 1A26.cif A O ILE 59 A C ILE 59
VDWCONT 3.2242 3.22 0.0042 1A26.cif A O THR 286 A C THR 286
VDWCONT 3.2249 3.22 0.0049 1A26.cif A C ALA 227 A O TYR 236
VDWCONT 3.2249 3.22 0.0049 1A26.cif A O TYR 236 A C ALA 227
VDWCONT 3.2254 3.22 0.0054 1A26.cif A C ASN 281 A O ASN 281
VDWCONT 3.2254 3.22 0.0054 1A26.cif A O ASN 281 A C ASN 281
VDWCONT 3.2257 3.22 0.0057 1A26.cif A C ALA 56 A O ILE 53
VDWCONT 3.2257 3.22 0.0057 1A26.cif A O ILE 53 A C ALA 56
VDWCONT 3.226 3.22 0.006 1A26.cif A C ILE 87 A O TYR 84
VDWCONT 3.226 3.22 0.006 1A26.cif A O TYR 84 A C ILE 87
VDWCONT 3.2267 3.22 0.0067 1A26.cif A C ALA 252 A O ALA 252
VDWCONT 3.2267 3.22 0.0067 1A26.cif A O ALA 252 A C ALA 252
VDWCONT 3.2278 3.22 0.0078 1A26.cif A C VAL 233 A O VAL 233
VDWCONT 3.2278 3.22 0.0078 1A26.cif A O VAL 233 A C VAL 233
VDWCONT 3.2279 3.22 0.0079 1A26.cif A C GLN 259 A O GLN 259
VDWCONT 3.2279 3.22 0.0079 1A26.cif A O GLN 259 A C GLN 259
VDWCONT 3.2281 3.22 0.0081 1A26.cif A C ILE 59 A O ALA 56
VDWCONT 3.2281 3.22 0.0081 1A26.cif A C TYR 333 A O TYR 333
VDWCONT 3.2281 3.22 0.0081 1A26.cif A O ALA 56 A C ILE 59
VDWCONT 3.2281 3.22 0.0081 1A26.cif A O TYR 333 A C TYR 333
VDWCONT 3.228 3.22 0.008 1A26.cif A C VAL 165 A O ILE 161
VDWCONT 3.228 3.22 0.008 1A26.cif A O ILE 161 A C VAL 165
VDWCONT 3.2294 3.22 0.0094 1A26.cif A C ASN 203 A O ASN 203
VDWCONT 3.2294 3.22 0.0094 1A26.cif A O ASN 203 A C ASN 203
VDWCONT 3.2401 3.25 -0.0098 1A26.cif A C LEU 115 A N ASP 117
VDWCONT 3.2401 3.25 -0.0098 1A26.cif A N ASP 117 A C LEU 115
VDWCONT 3.2408 3.25 -0.0091 1A26.cif A C ALA 32 A N VAL 34
VDWCONT 3.2408 3.25 -0.0091 1A26.cif A N VAL 34 A C ALA 32
VDWCONT 3.2429 3.25 -0.007 1A26.cif A C LYS 108 A N GLN 110
VDWCONT 3.2429 3.25 -0.007 1A26.cif A C PHE 24 A N PHE 24
VDWCONT 3.2429 3.25 -0.007 1A26.cif A N GLN 110 A C LYS 108
VDWCONT 3.2429 3.25 -0.007 1A26.cif A N PHE 24 A C PHE 24
VDWCONT 3.24 3.25 -0.0099 1A26.cif A C ILE 160 A N LYS 162
VDWCONT 3.24 3.25 -0.0099 1A26.cif A C PRO 305 A N ALA 307
VDWCONT 3.24 3.25 -0.0099 1A26.cif A N ALA 307 A C PRO 305
VDWCONT 3.24 3.25 -0.0099 1A26.cif A N LYS 162 A C ILE 160
VDWCONT 3.2433 3.25 -0.0066 1A26.cif A C VAL 26 A N GLU 27
VDWCONT 3.2433 3.25 -0.0066 1A26.cif A N GLU 27 A C VAL 26
VDWCONT 3.2435 3.25 -0.0064 1A26.cif A C VAL 63 A N VAL 63
VDWCONT 3.2435 3.25 -0.0064 1A26.cif A N VAL 63 A C VAL 63
VDWCONT 3.2437 3.25 -0.0062 1A26.cif A C GLU 27 A N SER 28
VDWCONT 3.2437 3.25 -0.0062 1A26.cif A N SER 28 A C GLU 27
VDWCONT 3.2451 3.25 -0.0048 1A26.cif A C VAL 233 A N THR 234
VDWCONT 3.2451 3.25 -0.0048 1A26.cif A N THR 234 A C VAL 233
VDWCONT 3.2468 3.25 -0.0031 1A26.cif A C ASP 312 A N VAL 314
VDWCONT 3.2468 3.25 -0.0031 1A26.cif A N VAL 314 A C ASP 312
VDWCONT 3.251 3.25 0.001 1A26.cif A C GLU 27 A N MET 29
VDWCONT 3.251 3.25 0.001 1A26.cif A N MET 29 A C GLU 27
VDWCONT 3.2513 3.25 0.0013 1A26.cif A C GLU 73 A N SER 74
VDWCONT 3.2513 3.25 0.0013 1A26.cif A N SER 74 A C GLU 73
VDWCONT 3.2543 3.25 0.0043 1A26.cif A C ILE 105 A N ALA 107
VDWCONT 3.2543 3.25 0.0043 1A26.cif A N ALA 107 A C ILE 105
VDWCONT 3.2551 3.25 0.0051 1A26.cif A C SER 28 A N MET 29
VDWCONT 3.2551 3.25 0.0051 1A26.cif A N MET 29 A C SER 28
VDWCONT 3.255 3.25 0.005 1A26.cif A C ALA 107 A N VAL 109
VDWCONT 3.255 3.25 0.005 1A26.cif A N VAL 109 A C ALA 107
VDWCONT 3.2558 3.25 0.0058 1A26.cif A C LEU 220 A N SER 221
VDWCONT 3.2558 3.25 0.0058 1A26.cif A N SER 221 A C LEU 220
VDWCONT 3.2565 3.25 0.0065 1A26.cif A C LEU 79 A N ASN 81
VDWCONT 3.2565 3.25 0.0065 1A26.cif A N ASN 81 A C LEU 79
VDWCONT 3.2571 3.25 0.0071 1A26.cif A C PHE 244 A N PHE 244
VDWCONT 3.2571 3.25 0.0071 1A26.cif A N PHE 244 A C PHE 244
VDWCONT 3.2582 3.25 0.0082 1A26.cif A C GLU 156 A N ALA 158
VDWCONT 3.2582 3.25 0.0082 1A26.cif A N ALA 158 A C GLU 156
VDWCONT 3.258 3.25 0.008 1A26.cif A C GLN 41 A N LYS 42
VDWCONT 3.258 3.25 0.008 1A26.cif A N LYS 42 A C GLN 41
VDWCONT 3.2584 3.25 0.0084 1A26.cif A C LYS 287 A N LEU 288
VDWCONT 3.2584 3.25 0.0084 1A26.cif A N LEU 288 A C LYS 287
VDWCONT 3.2585 3.25 0.0085 1A26.cif A C TYR 104 A N ILE 105
VDWCONT 3.2585 3.25 0.0085 1A26.cif A N ILE 105 A C TYR 104
VDWCONT 3.2591 3.25 0.0091 1A26.cif A C PRO 229 A N ALA 231
VDWCONT 3.2591 3.25 0.0091 1A26.cif A N ALA 231 A C PRO 229
VDWCONT 3.3907 3.4 -0.0092 1A26.cif A C ALA 245 A C ASP 246
VDWCONT 3.3907 3.4 -0.0092 1A26.cif A C ASP 246 A C ALA 245
VDWCONT 3.3913 3.4 -0.0086 1A26.cif A C LYS 11 A C SER 10
VDWCONT 3.3913 3.4 -0.0086 1A26.cif A C SER 10 A C LYS 11
VDWCONT 3.3915 3.4 -0.0084 1A26.cif A C ASP 328 A C THR 329
VDWCONT 3.3915 3.4 -0.0084 1A26.cif A C THR 329 A C ASP 328
VDWCONT 3.3926 3.4 -0.0073 1A26.cif A C GLY 241 A C ILE 242
VDWCONT 3.3926 3.4 -0.0073 1A26.cif A C ILE 242 A C GLY 241
VDWCONT 3.3938 3.4 -0.0061 1A26.cif A C PRO 97 A C PRO 97
VDWCONT 3.3938 3.4 -0.0061 1A26.cif A C PRO 97 A C PRO 97
VDWCONT 3.3943 3.4 -0.0056 1A26.cif A C THR 308 A C THR 309
VDWCONT 3.3943 3.4 -0.0056 1A26.cif A C THR 309 A C THR 308
VDWCONT 3.394 3.4 -0.0059 1A26.cif A C PHE 184 A C PHE 184
VDWCONT 3.394 3.4 -0.0059 1A26.cif A C PHE 184 A C PHE 184
VDWCONT 3.3979 3.4 -0.002 1A26.cif A C ASN 327 A C ILE 326
VDWCONT 3.3979 3.4 -0.002 1A26.cif A C ILE 326 A C ASN 327
VDWCONT 3.3981 3.4 -0.0018 1A26.cif A C LEU 267 A C LEU 268
VDWCONT 3.3981 3.4 -0.0018 1A26.cif A C LEU 268 A C LEU 267
VDWCONT 3.398 3.4 -0.0019 1A26.cif A C LYS 347 A C TYR 348
VDWCONT 3.398 3.4 -0.0019 1A26.cif A C TYR 348 A C LYS 347
VDWCONT 3.3986 3.4 -0.0013 1A26.cif A C ILE 23 A C PHE 24
VDWCONT 3.3986 3.4 -0.0013 1A26.cif A C PHE 24 A C ILE 23
VDWCONT 3.3999 3.4 0 1A26.cif A C LEU 178 A C LYS 179
VDWCONT 3.3999 3.4 0 1A26.cif A C LYS 179 A C LEU 178
VDWCONT 3.4014 3.4 0.0014 1A26.cif A C ILE 337 A C VAL 338
VDWCONT 3.4014 3.4 0.0014 1A26.cif A C VAL 338 A C ILE 337
VDWCONT 3.4019 3.4 0.0019 1A26.cif A C LYS 296 A C LYS 296
VDWCONT 3.4019 3.4 0.0019 1A26.cif A C LYS 296 A C LYS 296
VDWCONT 3.4025 3.4 0.0025 1A26.cif A C MET 237 B C CNA .
VDWCONT 3.4025 3.4 0.0025 1A26.cif B C CNA . A C MET 237
VDWCONT 3.4027 3.4 0.0027 1A26.cif A C LEU 178 A C LYS 179
VDWCONT 3.4027 3.4 0.0027 1A26.cif A C LYS 179 A C LEU 178
VDWCONT 3.4036 3.4 0.0036 1A26.cif A C LYS 42 A C MET 43
VDWCONT 3.4036 3.4 0.0036 1A26.cif A C MET 43 A C LYS 42
VDWCONT 3.4043 3.4 0.0043 1A26.cif A C GLU 230 A C GLU 230
VDWCONT 3.4043 3.4 0.0043 1A26.cif A C GLU 230 A C GLU 230
VDWCONT 3.4045 3.4 0.0045 1A26.cif A C ASP 261 A C PRO 262
VDWCONT 3.4045 3.4 0.0045 1A26.cif A C PRO 262 A C ASP 261
VDWCONT 3.4047 3.4 0.0047 1A26.cif A C LEU 332 A C TYR 333
VDWCONT 3.4047 3.4 0.0047 1A26.cif A C TYR 333 A C LEU 332
VDWCONT 3.405 3.4 0.005 1A26.cif A C ARG 204 A C GLN 205
VDWCONT 3.405 3.4 0.005 1A26.cif A C GLN 205 A C ARG 204
VDWCONT 3.4075 3.4 0.0075 1A26.cif A C TRP 208 A C TRP 208
VDWCONT 3.4075 3.4 0.0075 1A26.cif A C TRP 208 A C TRP 208
VDWCONT 3.408 3.4 0.008 1A26.cif A C LEU 298 A C LYS 296
VDWCONT 3.408 3.4 0.008 1A26.cif A C LYS 296 A C LEU 298
VDWCONT 3.4095 3.4 0.0095 1A26.cif A C PRO 317 A C PRO 317
VDWCONT 3.4095 3.4 0.0095 1A26.cif A C PRO 317 A C PRO 317
